Apache Maven 3.2.5 (12a6b3acb947671f09b81f49094c53f426d8cea1; 2014-12-14T11:29:23-06:00)
Maven home: /usr/local/Cellar/maven32/3.2.5/libexec
Java version: 1.8.0_91, vendor: Oracle Corporation
Java home: /Library/Java/JavaVirtualMachines/jdk1.8.0_91.jdk/Contents/Home/jre
Default locale: en_US, platform encoding: UTF-8
OS name: "mac os x", version: "10.11.4", arch: "x86_64", family: "mac"
[INFO] Error stacktraces are turned on.
[DEBUG] Reading global settings from /usr/local/Cellar/maven32/3.2.5/libexec/conf/settings.xml
[DEBUG] Reading user settings from /Users/mr027750/.m2/settings.xml
[DEBUG] Using local repository at /Users/mr027750/.m2/repository
[DEBUG] Using manager EnhancedLocalRepositoryManager with priority 10.0 for /Users/mr027750/.m2/repository
[INFO] Scanning for projects...
[DEBUG] Extension realms for project mvn-shade-test:mvn-shade-test:jar:0.1.0-SNAPSHOT: (none)
[DEBUG] Looking up lifecyle mappings for packaging jar from ClassRealm[plexus.core, parent: null]
[DEBUG] === REACTOR BUILD PLAN ================================================
[DEBUG] Project: mvn-shade-test:mvn-shade-test:jar:0.1.0-SNAPSHOT
[DEBUG] Tasks:   [clean, install]
[DEBUG] Style:   Regular
[DEBUG] =======================================================================
[INFO]                                                                         
[INFO] ------------------------------------------------------------------------
[INFO] Building mvn-shade-test 0.1.0-SNAPSHOT
[INFO] ------------------------------------------------------------------------
[DEBUG] Lifecycle default -> [validate, initialize, generate-sources, process-sources, generate-resources, process-resources, compile, process-classes, generate-test-sources, process-test-sources, generate-test-resources, process-test-resources, test-compile, process-test-classes, test, prepare-package, package, pre-integration-test, integration-test, post-integration-test, verify, install, deploy]
[DEBUG] Lifecycle clean -> [pre-clean, clean, post-clean]
[DEBUG] Lifecycle site -> [pre-site, site, post-site, site-deploy]
[DEBUG] Lifecycle default -> [validate, initialize, generate-sources, process-sources, generate-resources, process-resources, compile, process-classes, generate-test-sources, process-test-sources, generate-test-resources, process-test-resources, test-compile, process-test-classes, test, prepare-package, package, pre-integration-test, integration-test, post-integration-test, verify, install, deploy]
[DEBUG] Lifecycle clean -> [pre-clean, clean, post-clean]
[DEBUG] Lifecycle site -> [pre-site, site, post-site, site-deploy]
[DEBUG] Lifecycle default -> [validate, initialize, generate-sources, process-sources, generate-resources, process-resources, compile, process-classes, generate-test-sources, process-test-sources, generate-test-resources, process-test-resources, test-compile, process-test-classes, test, prepare-package, package, pre-integration-test, integration-test, post-integration-test, verify, install, deploy]
[DEBUG] Lifecycle clean -> [pre-clean, clean, post-clean]
[DEBUG] Lifecycle site -> [pre-site, site, post-site, site-deploy]
[DEBUG] Lifecycle default -> [validate, initialize, generate-sources, process-sources, generate-resources, process-resources, compile, process-classes, generate-test-sources, process-test-sources, generate-test-resources, process-test-resources, test-compile, process-test-classes, test, prepare-package, package, pre-integration-test, integration-test, post-integration-test, verify, install, deploy]
[DEBUG] Lifecycle clean -> [pre-clean, clean, post-clean]
[DEBUG] Lifecycle site -> [pre-site, site, post-site, site-deploy]
[DEBUG] Lifecycle default -> [validate, initialize, generate-sources, process-sources, generate-resources, process-resources, compile, process-classes, generate-test-sources, process-test-sources, generate-test-resources, process-test-resources, test-compile, process-test-classes, test, prepare-package, package, pre-integration-test, integration-test, post-integration-test, verify, install, deploy]
[DEBUG] Lifecycle clean -> [pre-clean, clean, post-clean]
[DEBUG] Lifecycle site -> [pre-site, site, post-site, site-deploy]
[DEBUG] Lifecycle default -> [validate, initialize, generate-sources, process-sources, generate-resources, process-resources, compile, process-classes, generate-test-sources, process-test-sources, generate-test-resources, process-test-resources, test-compile, process-test-classes, test, prepare-package, package, pre-integration-test, integration-test, post-integration-test, verify, install, deploy]
[DEBUG] Lifecycle clean -> [pre-clean, clean, post-clean]
[DEBUG] Lifecycle site -> [pre-site, site, post-site, site-deploy]
[DEBUG] Lifecycle default -> [validate, initialize, generate-sources, process-sources, generate-resources, process-resources, compile, process-classes, generate-test-sources, process-test-sources, generate-test-resources, process-test-resources, test-compile, process-test-classes, test, prepare-package, package, pre-integration-test, integration-test, post-integration-test, verify, install, deploy]
[DEBUG] Lifecycle clean -> [pre-clean, clean, post-clean]
[DEBUG] Lifecycle site -> [pre-site, site, post-site, site-deploy]
[DEBUG] Lifecycle default -> [validate, initialize, generate-sources, process-sources, generate-resources, process-resources, compile, process-classes, generate-test-sources, process-test-sources, generate-test-resources, process-test-resources, test-compile, process-test-classes, test, prepare-package, package, pre-integration-test, integration-test, post-integration-test, verify, install, deploy]
[DEBUG] Lifecycle clean -> [pre-clean, clean, post-clean]
[DEBUG] Lifecycle site -> [pre-site, site, post-site, site-deploy]
[DEBUG] Lifecycle default -> [validate, initialize, generate-sources, process-sources, generate-resources, process-resources, compile, process-classes, generate-test-sources, process-test-sources, generate-test-resources, process-test-resources, test-compile, process-test-classes, test, prepare-package, package, pre-integration-test, integration-test, post-integration-test, verify, install, deploy]
[DEBUG] Lifecycle clean -> [pre-clean, clean, post-clean]
[DEBUG] Lifecycle site -> [pre-site, site, post-site, site-deploy]
[DEBUG] Lifecycle default -> [validate, initialize, generate-sources, process-sources, generate-resources, process-resources, compile, process-classes, generate-test-sources, process-test-sources, generate-test-resources, process-test-resources, test-compile, process-test-classes, test, prepare-package, package, pre-integration-test, integration-test, post-integration-test, verify, install, deploy]
[DEBUG] Lifecycle clean -> [pre-clean, clean, post-clean]
[DEBUG] Lifecycle site -> [pre-site, site, post-site, site-deploy]
[DEBUG] === PROJECT BUILD PLAN ================================================
[DEBUG] Project:       mvn-shade-test:mvn-shade-test:0.1.0-SNAPSHOT
[DEBUG] Dependencies (collect): []
[DEBUG] Dependencies (resolve): [compile, runtime, test]
[DEBUG] Repositories (dependencies): [central (https://repo1.maven.org/maven2/, default, releases), clojars (https://clojars.org/repo/, default, releases+snapshots)]
[DEBUG] Repositories (plugins)     : [central (https://repo.maven.apache.org/maven2, default, releases)]
[DEBUG] -----------------------------------------------------------------------
[DEBUG] Goal:          org.apache.maven.plugins:maven-clean-plugin:2.5:clean (default-clean)
[DEBUG] Style:         Regular
[DEBUG] Configuration: <?xml version="1.0" encoding="UTF-8"?>
<configuration>
  <directory default-value="${project.build.directory}"/>
  <excludeDefaultDirectories default-value="false">${clean.excludeDefaultDirectories}</excludeDefaultDirectories>
  <failOnError default-value="true">${maven.clean.failOnError}</failOnError>
  <followSymLinks default-value="false">${clean.followSymLinks}</followSymLinks>
  <outputDirectory default-value="${project.build.outputDirectory}"/>
  <reportDirectory default-value="${project.reporting.outputDirectory}"/>
  <retryOnError default-value="true">${maven.clean.retryOnError}</retryOnError>
  <skip default-value="false">${clean.skip}</skip>
  <testOutputDirectory default-value="${project.build.testOutputDirectory}"/>
  <verbose>${clean.verbose}</verbose>
</configuration>
[DEBUG] -----------------------------------------------------------------------
[DEBUG] Goal:          org.apache.maven.plugins:maven-resources-plugin:2.6:resources (default-resources)
[DEBUG] Style:         Regular
[DEBUG] Configuration: <?xml version="1.0" encoding="UTF-8"?>
<configuration>
  <buildFilters default-value="${project.build.filters}"/>
  <encoding default-value="${project.build.sourceEncoding}">${encoding}</encoding>
  <escapeString>${maven.resources.escapeString}</escapeString>
  <escapeWindowsPaths default-value="true">${maven.resources.escapeWindowsPaths}</escapeWindowsPaths>
  <includeEmptyDirs default-value="false">${maven.resources.includeEmptyDirs}</includeEmptyDirs>
  <outputDirectory default-value="${project.build.outputDirectory}"/>
  <overwrite default-value="false">${maven.resources.overwrite}</overwrite>
  <project default-value="${project}"/>
  <resources default-value="${project.resources}"/>
  <session default-value="${session}"/>
  <supportMultiLineFiltering default-value="false">${maven.resources.supportMultiLineFiltering}</supportMultiLineFiltering>
  <useBuildFilters default-value="true"/>
  <useDefaultDelimiters default-value="true"/>
</configuration>
[DEBUG] -----------------------------------------------------------------------
[DEBUG] Goal:          org.apache.maven.plugins:maven-compiler-plugin:3.1:compile (default-compile)
[DEBUG] Style:         Regular
[DEBUG] Configuration: <?xml version="1.0" encoding="UTF-8"?>
<configuration>
  <basedir default-value="${basedir}"/>
  <buildDirectory default-value="${project.build.directory}"/>
  <classpathElements default-value="${project.compileClasspathElements}"/>
  <compileSourceRoots default-value="${project.compileSourceRoots}"/>
  <compilerId default-value="javac">${maven.compiler.compilerId}</compilerId>
  <compilerReuseStrategy default-value="${reuseCreated}">${maven.compiler.compilerReuseStrategy}</compilerReuseStrategy>
  <compilerVersion>${maven.compiler.compilerVersion}</compilerVersion>
  <debug default-value="true">${maven.compiler.debug}</debug>
  <debuglevel>${maven.compiler.debuglevel}</debuglevel>
  <encoding default-value="${project.build.sourceEncoding}">${encoding}</encoding>
  <executable>${maven.compiler.executable}</executable>
  <failOnError default-value="true">${maven.compiler.failOnError}</failOnError>
  <forceJavacCompilerUse default-value="false">${maven.compiler.forceJavacCompilerUse}</forceJavacCompilerUse>
  <fork default-value="false">${maven.compiler.fork}</fork>
  <generatedSourcesDirectory default-value="${project.build.directory}/generated-sources/annotations"/>
  <maxmem>${maven.compiler.maxmem}</maxmem>
  <meminitial>${maven.compiler.meminitial}</meminitial>
  <mojoExecution>${mojoExecution}</mojoExecution>
  <optimize default-value="false">${maven.compiler.optimize}</optimize>
  <outputDirectory default-value="${project.build.outputDirectory}"/>
  <projectArtifact default-value="${project.artifact}"/>
  <showDeprecation default-value="false">${maven.compiler.showDeprecation}</showDeprecation>
  <showWarnings default-value="false">${maven.compiler.showWarnings}</showWarnings>
  <skipMain>${maven.main.skip}</skipMain>
  <skipMultiThreadWarning default-value="false">${maven.compiler.skipMultiThreadWarning}</skipMultiThreadWarning>
  <source default-value="1.5">${maven.compiler.source}</source>
  <staleMillis default-value="0">${lastModGranularityMs}</staleMillis>
  <target default-value="1.5">${maven.compiler.target}</target>
  <useIncrementalCompilation default-value="true">${maven.compiler.useIncrementalCompilation}</useIncrementalCompilation>
  <verbose default-value="false">${maven.compiler.verbose}</verbose>
  <mavenSession default-value="${session}"/>
  <session default-value="${session}"/>
</configuration>
[DEBUG] -----------------------------------------------------------------------
[DEBUG] Goal:          org.apache.maven.plugins:maven-resources-plugin:2.6:testResources (default-testResources)
[DEBUG] Style:         Regular
[DEBUG] Configuration: <?xml version="1.0" encoding="UTF-8"?>
<configuration>
  <buildFilters default-value="${project.build.filters}"/>
  <encoding default-value="${project.build.sourceEncoding}">${encoding}</encoding>
  <escapeString>${maven.resources.escapeString}</escapeString>
  <escapeWindowsPaths default-value="true">${maven.resources.escapeWindowsPaths}</escapeWindowsPaths>
  <includeEmptyDirs default-value="false">${maven.resources.includeEmptyDirs}</includeEmptyDirs>
  <outputDirectory default-value="${project.build.testOutputDirectory}"/>
  <overwrite default-value="false">${maven.resources.overwrite}</overwrite>
  <project default-value="${project}"/>
  <resources default-value="${project.testResources}"/>
  <session default-value="${session}"/>
  <skip>${maven.test.skip}</skip>
  <supportMultiLineFiltering default-value="false">${maven.resources.supportMultiLineFiltering}</supportMultiLineFiltering>
  <useBuildFilters default-value="true"/>
  <useDefaultDelimiters default-value="true"/>
</configuration>
[DEBUG] -----------------------------------------------------------------------
[DEBUG] Goal:          org.apache.maven.plugins:maven-compiler-plugin:3.1:testCompile (default-testCompile)
[DEBUG] Style:         Regular
[DEBUG] Configuration: <?xml version="1.0" encoding="UTF-8"?>
<configuration>
  <basedir default-value="${basedir}"/>
  <buildDirectory default-value="${project.build.directory}"/>
  <classpathElements default-value="${project.testClasspathElements}"/>
  <compileSourceRoots default-value="${project.testCompileSourceRoots}"/>
  <compilerId default-value="javac">${maven.compiler.compilerId}</compilerId>
  <compilerReuseStrategy default-value="${reuseCreated}">${maven.compiler.compilerReuseStrategy}</compilerReuseStrategy>
  <compilerVersion>${maven.compiler.compilerVersion}</compilerVersion>
  <debug default-value="true">${maven.compiler.debug}</debug>
  <debuglevel>${maven.compiler.debuglevel}</debuglevel>
  <encoding default-value="${project.build.sourceEncoding}">${encoding}</encoding>
  <executable>${maven.compiler.executable}</executable>
  <failOnError default-value="true">${maven.compiler.failOnError}</failOnError>
  <forceJavacCompilerUse default-value="false">${maven.compiler.forceJavacCompilerUse}</forceJavacCompilerUse>
  <fork default-value="false">${maven.compiler.fork}</fork>
  <generatedTestSourcesDirectory default-value="${project.build.directory}/generated-test-sources/test-annotations"/>
  <maxmem>${maven.compiler.maxmem}</maxmem>
  <meminitial>${maven.compiler.meminitial}</meminitial>
  <mojoExecution>${mojoExecution}</mojoExecution>
  <optimize default-value="false">${maven.compiler.optimize}</optimize>
  <outputDirectory default-value="${project.build.testOutputDirectory}"/>
  <showDeprecation default-value="false">${maven.compiler.showDeprecation}</showDeprecation>
  <showWarnings default-value="false">${maven.compiler.showWarnings}</showWarnings>
  <skip>${maven.test.skip}</skip>
  <skipMultiThreadWarning default-value="false">${maven.compiler.skipMultiThreadWarning}</skipMultiThreadWarning>
  <source default-value="1.5">${maven.compiler.source}</source>
  <staleMillis default-value="0">${lastModGranularityMs}</staleMillis>
  <target default-value="1.5">${maven.compiler.target}</target>
  <testSource>${maven.compiler.testSource}</testSource>
  <testTarget>${maven.compiler.testTarget}</testTarget>
  <useIncrementalCompilation default-value="true">${maven.compiler.useIncrementalCompilation}</useIncrementalCompilation>
  <verbose default-value="false">${maven.compiler.verbose}</verbose>
  <mavenSession default-value="${session}"/>
  <session default-value="${session}"/>
</configuration>
[DEBUG] -----------------------------------------------------------------------
[DEBUG] Goal:          org.apache.maven.plugins:maven-surefire-plugin:2.12.4:test (default-test)
[DEBUG] Style:         Regular
[DEBUG] Configuration: <?xml version="1.0" encoding="UTF-8"?>
<configuration>
  <argLine>${argLine}</argLine>
  <basedir default-value="${basedir}"/>
  <childDelegation default-value="false">${childDelegation}</childDelegation>
  <classesDirectory default-value="${project.build.outputDirectory}"/>
  <debugForkedProcess>${maven.surefire.debug}</debugForkedProcess>
  <disableXmlReport default-value="false">${disableXmlReport}</disableXmlReport>
  <enableAssertions default-value="true">${enableAssertions}</enableAssertions>
  <excludedGroups>${excludedGroups}</excludedGroups>
  <failIfNoSpecifiedTests>${surefire.failIfNoSpecifiedTests}</failIfNoSpecifiedTests>
  <failIfNoTests>${failIfNoTests}</failIfNoTests>
  <forkMode default-value="once">${forkMode}</forkMode>
  <forkedProcessTimeoutInSeconds>${surefire.timeout}</forkedProcessTimeoutInSeconds>
  <groups>${groups}</groups>
  <junitArtifactName default-value="junit:junit">${junitArtifactName}</junitArtifactName>
  <jvm>${jvm}</jvm>
  <localRepository default-value="${localRepository}"/>
  <objectFactory>${objectFactory}</objectFactory>
  <parallel>${parallel}</parallel>
  <parallelMavenExecution default-value="${session.parallel}"/>
  <perCoreThreadCount default-value="true">${perCoreThreadCount}</perCoreThreadCount>
  <pluginArtifactMap>${plugin.artifactMap}</pluginArtifactMap>
  <pluginDescriptor default-value="${plugin}"/>
  <printSummary default-value="true">${surefire.printSummary}</printSummary>
  <projectArtifactMap>${project.artifactMap}</projectArtifactMap>
  <redirectTestOutputToFile default-value="false">${maven.test.redirectTestOutputToFile}</redirectTestOutputToFile>
  <remoteRepositories default-value="${project.pluginArtifactRepositories}"/>
  <reportFormat default-value="brief">${surefire.reportFormat}</reportFormat>
  <reportNameSuffix default-value="">${surefire.reportNameSuffix}</reportNameSuffix>
  <reportsDirectory default-value="${project.build.directory}/surefire-reports"/>
  <runOrder default-value="filesystem"/>
  <skip default-value="false">${maven.test.skip}</skip>
  <skipExec>${maven.test.skip.exec}</skipExec>
  <skipTests default-value="false">${skipTests}</skipTests>
  <test>${test}</test>
  <testClassesDirectory default-value="${project.build.testOutputDirectory}"/>
  <testFailureIgnore default-value="false">${maven.test.failure.ignore}</testFailureIgnore>
  <testNGArtifactName default-value="org.testng:testng">${testNGArtifactName}</testNGArtifactName>
  <testSourceDirectory default-value="${project.build.testSourceDirectory}"/>
  <threadCount>${threadCount}</threadCount>
  <trimStackTrace default-value="true">${trimStackTrace}</trimStackTrace>
  <useFile default-value="true">${surefire.useFile}</useFile>
  <useManifestOnlyJar default-value="true">${surefire.useManifestOnlyJar}</useManifestOnlyJar>
  <useSystemClassLoader default-value="true">${surefire.useSystemClassLoader}</useSystemClassLoader>
  <useUnlimitedThreads default-value="false">${useUnlimitedThreads}</useUnlimitedThreads>
  <workingDirectory>${basedir}</workingDirectory>
  <project default-value="${project}"/>
  <session default-value="${session}"/>
</configuration>
[DEBUG] -----------------------------------------------------------------------
[DEBUG] Goal:          org.apache.maven.plugins:maven-jar-plugin:2.4:jar (default-jar)
[DEBUG] Style:         Regular
[DEBUG] Configuration: <?xml version="1.0" encoding="UTF-8"?>
<configuration>
  <classesDirectory default-value="${project.build.outputDirectory}"/>
  <defaultManifestFile default-value="${project.build.outputDirectory}/META-INF/MANIFEST.MF"/>
  <finalName default-value="${project.build.finalName}">${jar.finalName}</finalName>
  <forceCreation default-value="false">${jar.forceCreation}</forceCreation>
  <outputDirectory default-value="${project.build.directory}"/>
  <project default-value="${project}"/>
  <session default-value="${session}"/>
  <skipIfEmpty default-value="false">${jar.skipIfEmpty}</skipIfEmpty>
  <useDefaultManifestFile default-value="false">${jar.useDefaultManifestFile}</useDefaultManifestFile>
</configuration>
[DEBUG] -----------------------------------------------------------------------
[DEBUG] Goal:          org.apache.maven.plugins:maven-shade-plugin:2.4.3:shade (shade-jar)
[DEBUG] Style:         Regular
[DEBUG] Configuration: <?xml version="1.0" encoding="UTF-8"?>
<configuration>
  <createDependencyReducedPom default-value="true">false</createDependencyReducedPom>
  <dependencyReducedPomLocation default-value="${basedir}/dependency-reduced-pom.xml"/>
  <generateUniqueDependencyReducedPom default-value="false"/>
  <localRepository default-value="${localRepository}"/>
  <outputDirectory default-value="${project.build.directory}"/>
  <project default-value="${project}"/>
  <remoteArtifactRepositories default-value="${project.remoteArtifactRepositories}"/>
  <session default-value="${session}"/>
  <shadeSourcesContent default-value="false">${shadeSourcesContent}</shadeSourcesContent>
  <shadeTestJar default-value="false"/>
  <shadedArtifactId default-value="${project.artifactId}"/>
  <shadedClassifierName default-value="shaded"/>
  <transformers>
    <transformer implementation="org.apache.maven.plugins.shade.resource.ManifestResourceTransformer">
      <mainClass>shade.main</mainClass>
    </transformer>
  </transformers>
  <useBaseVersion default-value="false"/>
</configuration>
[DEBUG] -----------------------------------------------------------------------
[DEBUG] Goal:          org.apache.maven.plugins:maven-install-plugin:2.4:install (default-install)
[DEBUG] Style:         Regular
[DEBUG] Configuration: <?xml version="1.0" encoding="UTF-8"?>
<configuration>
  <artifact default-value="${project.artifact}"/>
  <attachedArtifacts default-value="${project.attachedArtifacts}"/>
  <createChecksum default-value="false">${createChecksum}</createChecksum>
  <localRepository>${localRepository}</localRepository>
  <packaging default-value="${project.packaging}"/>
  <pomFile default-value="${project.file}"/>
  <skip default-value="false">${maven.install.skip}</skip>
  <updateReleaseInfo default-value="false">${updateReleaseInfo}</updateReleaseInfo>
</configuration>
[DEBUG] =======================================================================
[DEBUG] Dependency collection stats: {ConflictMarker.analyzeTime=0, ConflictMarker.markTime=0, ConflictMarker.nodeCount=2, ConflictIdSorter.graphTime=1, ConflictIdSorter.topsortTime=0, ConflictIdSorter.conflictIdCount=1, ConflictIdSorter.conflictIdCycleCount=0, ConflictResolver.totalTime=2, ConflictResolver.conflictItemCount=1, DefaultDependencyCollector.collectTime=7, DefaultDependencyCollector.transformTime=5}
[DEBUG] mvn-shade-test:mvn-shade-test:jar:0.1.0-SNAPSHOT
[DEBUG]    org.clojure:clojure:jar:1.8.0:compile
[INFO] 
[INFO] --- maven-clean-plugin:2.5:clean (default-clean) @ mvn-shade-test ---
[DEBUG] Created new class realm maven.api
[DEBUG] Importing foreign packages into class realm maven.api
[DEBUG]   Imported: org.apache.maven.cli < plexus.core
[DEBUG]   Imported: org.eclipse.aether.internal.impl < plexus.core
[DEBUG]   Imported: org.codehaus.plexus.lifecycle < plexus.core
[DEBUG]   Imported: org.apache.maven.lifecycle < plexus.core
[DEBUG]   Imported: org.apache.maven.repository < plexus.core
[DEBUG]   Imported: org.codehaus.plexus.personality < plexus.core
[DEBUG]   Imported: org.apache.maven.usability < plexus.core
[DEBUG]   Imported: org.codehaus.plexus.configuration < plexus.core
[DEBUG]   Imported: javax.enterprise.inject.* < plexus.core
[DEBUG]   Imported: org.apache.maven.* < plexus.core
[DEBUG]   Imported: org.apache.maven.project < plexus.core
[DEBUG]   Imported: org.apache.maven.exception < plexus.core
[DEBUG]   Imported: org.eclipse.aether.spi < plexus.core
[DEBUG]   Imported: org.apache.maven.plugin < plexus.core
[DEBUG]   Imported: org.eclipse.aether.collection < plexus.core
[DEBUG]   Imported: org.codehaus.plexus.* < plexus.core
[DEBUG]   Imported: org.codehaus.plexus.logging < plexus.core
[DEBUG]   Imported: org.apache.maven.profiles < plexus.core
[DEBUG]   Imported: org.eclipse.aether.transfer < plexus.core
[DEBUG]   Imported: org.codehaus.plexus.util.xml.pull.XmlPullParserException < plexus.core
[DEBUG]   Imported: org.apache.maven.execution.scope < plexus.core
[DEBUG]   Imported: org.apache.maven.wagon.* < plexus.core
[DEBUG]   Imported: org.apache.maven.rtinfo < plexus.core
[DEBUG]   Imported: org.eclipse.aether.impl < plexus.core
[DEBUG]   Imported: org.apache.maven.monitor < plexus.core
[DEBUG]   Imported: org.eclipse.aether.graph < plexus.core
[DEBUG]   Imported: org.eclipse.aether.metadata < plexus.core
[DEBUG]   Imported: org.codehaus.plexus.context < plexus.core
[DEBUG]   Imported: org.apache.maven.wagon.observers < plexus.core
[DEBUG]   Imported: org.apache.maven.wagon.resource < plexus.core
[DEBUG]   Imported: javax.inject.* < plexus.core
[DEBUG]   Imported: org.apache.maven.model < plexus.core
[DEBUG]   Imported: org.codehaus.plexus.util.xml.Xpp3Dom < plexus.core
[DEBUG]   Imported: org.eclipse.aether.deployment < plexus.core
[DEBUG]   Imported: org.apache.maven.artifact < plexus.core
[DEBUG]   Imported: org.apache.maven.toolchain < plexus.core
[DEBUG]   Imported: org.eclipse.aether.resolution < plexus.core
[DEBUG]   Imported: org.codehaus.plexus.util.xml.pull.XmlSerializer < plexus.core
[DEBUG]   Imported: org.apache.maven.settings < plexus.core
[DEBUG]   Imported: org.apache.maven.wagon.authorization < plexus.core
[DEBUG]   Imported: org.apache.maven.wagon.events < plexus.core
[DEBUG]   Imported: org.apache.maven.wagon.authentication < plexus.core
[DEBUG]   Imported: org.apache.maven.reporting < plexus.core
[DEBUG]   Imported: org.eclipse.aether.repository < plexus.core
[DEBUG]   Imported: org.slf4j.* < plexus.core
[DEBUG]   Imported: org.apache.maven.wagon.repository < plexus.core
[DEBUG]   Imported: javax.enterprise.util.* < plexus.core
[DEBUG]   Imported: org.apache.maven.configuration < plexus.core
[DEBUG]   Imported: org.codehaus.plexus.classworlds < plexus.core
[DEBUG]   Imported: org.codehaus.classworlds < plexus.core
[DEBUG]   Imported: org.codehaus.plexus.util.xml.pull.XmlPullParser < plexus.core
[DEBUG]   Imported: org.apache.maven.classrealm < plexus.core
[DEBUG]   Imported: org.eclipse.aether.* < plexus.core
[DEBUG]   Imported: org.eclipse.aether.artifact < plexus.core
[DEBUG]   Imported: org.apache.maven.execution < plexus.core
[DEBUG]   Imported: org.apache.maven.wagon.proxy < plexus.core
[DEBUG]   Imported: org.codehaus.plexus.container < plexus.core
[DEBUG]   Imported: org.eclipse.aether.version < plexus.core
[DEBUG]   Imported: org.eclipse.aether.installation < plexus.core
[DEBUG]   Imported: org.codehaus.plexus.component < plexus.core
[DEBUG] Populating class realm maven.api
[DEBUG] Dependency collection stats: {ConflictMarker.analyzeTime=0, ConflictMarker.markTime=0, ConflictMarker.nodeCount=3, ConflictIdSorter.graphTime=0, ConflictIdSorter.topsortTime=0, ConflictIdSorter.conflictIdCount=3, ConflictIdSorter.conflictIdCycleCount=0, ConflictResolver.totalTime=0, ConflictResolver.conflictItemCount=3, DefaultDependencyCollector.collectTime=11, DefaultDependencyCollector.transformTime=0}
[DEBUG] org.apache.maven.plugins:maven-clean-plugin:jar:2.5:
[DEBUG]    org.apache.maven:maven-plugin-api:jar:2.0.6:compile
[DEBUG]    org.codehaus.plexus:plexus-utils:jar:3.0:compile
[DEBUG] Created new class realm plugin>org.apache.maven.plugins:maven-clean-plugin:2.5
[DEBUG] Importing foreign packages into class realm plugin>org.apache.maven.plugins:maven-clean-plugin:2.5
[DEBUG]   Imported:  < maven.api
[DEBUG] Populating class realm plugin>org.apache.maven.plugins:maven-clean-plugin:2.5
[DEBUG]   Included: org.apache.maven.plugins:maven-clean-plugin:jar:2.5
[DEBUG]   Included: org.codehaus.plexus:plexus-utils:jar:3.0
[DEBUG]   Excluded: org.apache.maven:maven-plugin-api:jar:2.0.6
[DEBUG] Configuring mojo org.apache.maven.plugins:maven-clean-plugin:2.5:clean from plugin realm ClassRealm[plugin>org.apache.maven.plugins:maven-clean-plugin:2.5, parent: sun.misc.Launcher$AppClassLoader@45ee12a7]
[DEBUG] Configuring mojo 'org.apache.maven.plugins:maven-clean-plugin:2.5:clean' with basic configurator -->
[DEBUG]   (f) directory = /Users/mr027750/Projects/mvn-shade-test/target
[DEBUG]   (f) excludeDefaultDirectories = false
[DEBUG]   (f) failOnError = true
[DEBUG]   (f) followSymLinks = false
[DEBUG]   (f) outputDirectory = /Users/mr027750/Projects/mvn-shade-test/target/classes
[DEBUG]   (f) reportDirectory = /Users/mr027750/Projects/mvn-shade-test/target/site
[DEBUG]   (f) retryOnError = true
[DEBUG]   (f) skip = false
[DEBUG]   (f) testOutputDirectory = /Users/mr027750/Projects/mvn-shade-test/target/test-classes
[DEBUG] -- end configuration --
[INFO] Deleting /Users/mr027750/Projects/mvn-shade-test/target
[INFO] Deleting directory /Users/mr027750/Projects/mvn-shade-test/target/test-classes
[INFO] Deleting file /Users/mr027750/Projects/mvn-shade-test/target/stale/leiningen.core.classpath.extract-native-dependencies
[INFO] Deleting directory /Users/mr027750/Projects/mvn-shade-test/target/stale
[INFO] Deleting file /Users/mr027750/Projects/mvn-shade-test/target/original-mvn-shade-test-0.1.0-SNAPSHOT.jar
[INFO] Deleting file /Users/mr027750/Projects/mvn-shade-test/target/mvn-shade-test-0.1.0-SNAPSHOT.jar
[INFO] Deleting file /Users/mr027750/Projects/mvn-shade-test/target/maven-status/maven-compiler-plugin/testCompile/default-testCompile/inputFiles.lst
[INFO] Deleting directory /Users/mr027750/Projects/mvn-shade-test/target/maven-status/maven-compiler-plugin/testCompile/default-testCompile
[INFO] Deleting directory /Users/mr027750/Projects/mvn-shade-test/target/maven-status/maven-compiler-plugin/testCompile
[INFO] Deleting file /Users/mr027750/Projects/mvn-shade-test/target/maven-status/maven-compiler-plugin/compile/default-compile/inputFiles.lst
[INFO] Deleting directory /Users/mr027750/Projects/mvn-shade-test/target/maven-status/maven-compiler-plugin/compile/default-compile
[INFO] Deleting directory /Users/mr027750/Projects/mvn-shade-test/target/maven-status/maven-compiler-plugin/compile
[INFO] Deleting directory /Users/mr027750/Projects/mvn-shade-test/target/maven-status/maven-compiler-plugin
[INFO] Deleting directory /Users/mr027750/Projects/mvn-shade-test/target/maven-status
[INFO] Deleting file /Users/mr027750/Projects/mvn-shade-test/target/maven-archiver/pom.properties
[INFO] Deleting directory /Users/mr027750/Projects/mvn-shade-test/target/maven-archiver
[INFO] Deleting file /Users/mr027750/Projects/mvn-shade-test/target/classes/META-INF/maven/mvn-shade-test/mvn-shade-test/pom.properties
[INFO] Deleting directory /Users/mr027750/Projects/mvn-shade-test/target/classes/META-INF/maven/mvn-shade-test/mvn-shade-test
[INFO] Deleting directory /Users/mr027750/Projects/mvn-shade-test/target/classes/META-INF/maven/mvn-shade-test
[INFO] Deleting directory /Users/mr027750/Projects/mvn-shade-test/target/classes/META-INF/maven
[INFO] Deleting directory /Users/mr027750/Projects/mvn-shade-test/target/classes/META-INF
[INFO] Deleting directory /Users/mr027750/Projects/mvn-shade-test/target/classes
[INFO] Deleting directory /Users/mr027750/Projects/mvn-shade-test/target
[DEBUG] Skipping non-existing directory /Users/mr027750/Projects/mvn-shade-test/target/classes
[DEBUG] Skipping non-existing directory /Users/mr027750/Projects/mvn-shade-test/target/test-classes
[DEBUG] Skipping non-existing directory /Users/mr027750/Projects/mvn-shade-test/target/site
[INFO] 
[INFO] --- maven-resources-plugin:2.6:resources (default-resources) @ mvn-shade-test ---
[DEBUG] Dependency collection stats: {ConflictMarker.analyzeTime=0, ConflictMarker.markTime=1, ConflictMarker.nodeCount=77, ConflictIdSorter.graphTime=0, ConflictIdSorter.topsortTime=0, ConflictIdSorter.conflictIdCount=26, ConflictIdSorter.conflictIdCycleCount=0, ConflictResolver.totalTime=4, ConflictResolver.conflictItemCount=74, DefaultDependencyCollector.collectTime=104, DefaultDependencyCollector.transformTime=5}
[DEBUG] org.apache.maven.plugins:maven-resources-plugin:jar:2.6:
[DEBUG]    org.apache.maven:maven-plugin-api:jar:2.0.6:compile
[DEBUG]    org.apache.maven:maven-project:jar:2.0.6:compile
[DEBUG]       org.apache.maven:maven-profile:jar:2.0.6:compile
[DEBUG]       org.apache.maven:maven-artifact-manager:jar:2.0.6:compile
[DEBUG]       org.apache.maven:maven-plugin-registry:jar:2.0.6:compile
[DEBUG]    org.apache.maven:maven-core:jar:2.0.6:compile
[DEBUG]       org.apache.maven:maven-plugin-parameter-documenter:jar:2.0.6:compile
[DEBUG]       org.apache.maven.reporting:maven-reporting-api:jar:2.0.6:compile
[DEBUG]          org.apache.maven.doxia:doxia-sink-api:jar:1.0-alpha-7:compile
[DEBUG]       org.apache.maven:maven-repository-metadata:jar:2.0.6:compile
[DEBUG]       org.apache.maven:maven-error-diagnostics:jar:2.0.6:compile
[DEBUG]       commons-cli:commons-cli:jar:1.0:compile
[DEBUG]       org.apache.maven:maven-plugin-descriptor:jar:2.0.6:compile
[DEBUG]       org.codehaus.plexus:plexus-interactivity-api:jar:1.0-alpha-4:compile
[DEBUG]       classworlds:classworlds:jar:1.1:compile
[DEBUG]    org.apache.maven:maven-artifact:jar:2.0.6:compile
[DEBUG]    org.apache.maven:maven-settings:jar:2.0.6:compile
[DEBUG]    org.apache.maven:maven-model:jar:2.0.6:compile
[DEBUG]    org.apache.maven:maven-monitor:jar:2.0.6:compile
[DEBUG]    org.codehaus.plexus:plexus-container-default:jar:1.0-alpha-9-stable-1:compile
[DEBUG]       junit:junit:jar:3.8.1:compile
[DEBUG]    org.codehaus.plexus:plexus-utils:jar:2.0.5:compile
[DEBUG]    org.apache.maven.shared:maven-filtering:jar:1.1:compile
[DEBUG]       org.sonatype.plexus:plexus-build-api:jar:0.0.4:compile
[DEBUG]    org.codehaus.plexus:plexus-interpolation:jar:1.13:compile
[DEBUG] Created new class realm plugin>org.apache.maven.plugins:maven-resources-plugin:2.6
[DEBUG] Importing foreign packages into class realm plugin>org.apache.maven.plugins:maven-resources-plugin:2.6
[DEBUG]   Imported:  < maven.api
[DEBUG] Populating class realm plugin>org.apache.maven.plugins:maven-resources-plugin:2.6
[DEBUG]   Included: org.apache.maven.plugins:maven-resources-plugin:jar:2.6
[DEBUG]   Included: org.apache.maven.reporting:maven-reporting-api:jar:2.0.6
[DEBUG]   Included: org.apache.maven.doxia:doxia-sink-api:jar:1.0-alpha-7
[DEBUG]   Included: commons-cli:commons-cli:jar:1.0
[DEBUG]   Included: org.codehaus.plexus:plexus-interactivity-api:jar:1.0-alpha-4
[DEBUG]   Included: junit:junit:jar:3.8.1
[DEBUG]   Included: org.codehaus.plexus:plexus-utils:jar:2.0.5
[DEBUG]   Included: org.apache.maven.shared:maven-filtering:jar:1.1
[DEBUG]   Included: org.sonatype.plexus:plexus-build-api:jar:0.0.4
[DEBUG]   Included: org.codehaus.plexus:plexus-interpolation:jar:1.13
[DEBUG]   Excluded: org.apache.maven:maven-plugin-api:jar:2.0.6
[DEBUG]   Excluded: org.apache.maven:maven-project:jar:2.0.6
[DEBUG]   Excluded: org.apache.maven:maven-profile:jar:2.0.6
[DEBUG]   Excluded: org.apache.maven:maven-artifact-manager:jar:2.0.6
[DEBUG]   Excluded: org.apache.maven:maven-plugin-registry:jar:2.0.6
[DEBUG]   Excluded: org.apache.maven:maven-core:jar:2.0.6
[DEBUG]   Excluded: org.apache.maven:maven-plugin-parameter-documenter:jar:2.0.6
[DEBUG]   Excluded: org.apache.maven:maven-repository-metadata:jar:2.0.6
[DEBUG]   Excluded: org.apache.maven:maven-error-diagnostics:jar:2.0.6
[DEBUG]   Excluded: org.apache.maven:maven-plugin-descriptor:jar:2.0.6
[DEBUG]   Excluded: classworlds:classworlds:jar:1.1
[DEBUG]   Excluded: org.apache.maven:maven-artifact:jar:2.0.6
[DEBUG]   Excluded: org.apache.maven:maven-settings:jar:2.0.6
[DEBUG]   Excluded: org.apache.maven:maven-model:jar:2.0.6
[DEBUG]   Excluded: org.apache.maven:maven-monitor:jar:2.0.6
[DEBUG]   Excluded: org.codehaus.plexus:plexus-container-default:jar:1.0-alpha-9-stable-1
[DEBUG] Configuring mojo org.apache.maven.plugins:maven-resources-plugin:2.6:resources from plugin realm ClassRealm[plugin>org.apache.maven.plugins:maven-resources-plugin:2.6, parent: sun.misc.Launcher$AppClassLoader@45ee12a7]
[DEBUG] Configuring mojo 'org.apache.maven.plugins:maven-resources-plugin:2.6:resources' with basic configurator -->
[DEBUG]   (f) buildFilters = []
[DEBUG]   (f) escapeWindowsPaths = true
[DEBUG]   (s) includeEmptyDirs = false
[DEBUG]   (s) outputDirectory = /Users/mr027750/Projects/mvn-shade-test/target/classes
[DEBUG]   (s) overwrite = false
[DEBUG]   (f) project = MavenProject: mvn-shade-test:mvn-shade-test:0.1.0-SNAPSHOT @ /Users/mr027750/Projects/mvn-shade-test/pom.xml
[DEBUG]   (s) resources = [Resource {targetPath: null, filtering: false, FileSet {directory: /Users/mr027750/Projects/mvn-shade-test/resources, PatternSet [includes: {}, excludes: {}]}}]
[DEBUG]   (f) session = org.apache.maven.execution.MavenSession@6d24ffa1
[DEBUG]   (f) supportMultiLineFiltering = false
[DEBUG]   (f) useBuildFilters = true
[DEBUG]   (s) useDefaultDelimiters = true
[DEBUG] -- end configuration --
[DEBUG] properties used {env.JAVA_TOOL_OPTIONS=-Djava.awt.headless=true, java.vendor=Oracle Corporation, sun.java.launcher=SUN_STANDARD, env.XPC_SERVICE_NAME=0, sun.management.compiler=HotSpot 64-Bit Tiered Compilers, env.SECURITYSESSIONID=186a7, env.COLORFGBG=7;0, os.name=Mac OS X, sun.boot.class.path=/Library/Java/JavaVirtualMachines/jdk1.8.0_91.jdk/Contents/Home/jre/lib/resources.jar:/Library/Java/JavaVirtualMachines/jdk1.8.0_91.jdk/Contents/Home/jre/lib/rt.jar:/Library/Java/JavaVirtualMachines/jdk1.8.0_91.jdk/Contents/Home/jre/lib/sunrsasign.jar:/Library/Java/JavaVirtualMachines/jdk1.8.0_91.jdk/Contents/Home/jre/lib/jsse.jar:/Library/Java/JavaVirtualMachines/jdk1.8.0_91.jdk/Contents/Home/jre/lib/jce.jar:/Library/Java/JavaVirtualMachines/jdk1.8.0_91.jdk/Contents/Home/jre/lib/charsets.jar:/Library/Java/JavaVirtualMachines/jdk1.8.0_91.jdk/Contents/Home/jre/lib/jfr.jar:/Library/Java/JavaVirtualMachines/jdk1.8.0_91.jdk/Contents/Home/jre/classes, env.TMPDIR=/var/folders/q4/ypy51w6s3vsd_xj3389h42f0wltvrm/T/, env.PWD=/Users/mr027750/Projects/mvn-shade-test, env.LANG=en_US.UTF-8, env.LESS=-R, java.vm.specification.vendor=Oracle Corporation, java.runtime.version=1.8.0_91-b14, env.Apple_PubSub_Socket_Render=/private/tmp/com.apple.launchd.jCfkhBJFBb/Render, user.name=mr027750, maven.build.version=Apache Maven 3.2.5 (12a6b3acb947671f09b81f49094c53f426d8cea1; 2014-12-14T11:29:23-06:00), env.LEIN_JAVA_CMD=/Library/Java/JavaVirtualMachines/jdk1.8.0_91.jdk/Contents/Home/bin/java, env.USER=mr027750, env.SHELL=/bin/zsh, env.HADOOP_MAPRED_HOME=/opt/cdh4_mac_bundle/hadoop-2.0.0-mr1-cdh4.1.1, env.__CF_USER_TEXT_ENCODING=0x393D6F14:0x0:0x0, env.PATH=/usr/local/bin:/usr/local/sbin:/Users/mr027750/bin:/usr/local/bin:/usr/local/bin:/usr/bin:/bin:/usr/sbin:/sbin:/System/Library/Java/JavaVirtualMachines/1.6.0.jdk/Contents/Home:/opt/cdh4_mac_bundle/hadoop-2.0.0-cdh4.1.1/bin:/opt/cdh4_mac_bundle/hbase-0.92.1-cdh4.1.1/bin:/Users/MR027750/.rvm/gems/ruby-1.9.3-p362/bin:/Users/MR027750/.rvm/gems/ruby-1.9.3-p362@global/bin:/Users/MR027750/.rvm/rubies/ruby-1.9.3-p362/bin:/Users/MR027750/.rvm/bin:/usr/bin:/bin:/usr/sbin:/sbin:/opt/X11/bin:/opt/cdh4_mac_bundle/hadoop-2.0.0-cdh4.1.1/bin:/opt/cdh4_mac_bundle/hbase-0.92.1-cdh4.1.1/bin, user.language=en, sun.boot.library.path=/Library/Java/JavaVirtualMachines/jdk1.8.0_91.jdk/Contents/Home/jre/lib, classworlds.conf=/usr/local/Cellar/maven32/3.2.5/libexec/bin/m2.conf, env.JAVA_MAIN_CLASS_74098=org.codehaus.plexus.classworlds.launcher.Launcher, env.XPC_FLAGS=0x0, env.LC_CTYPE=en_US.UTF-8, java.version=1.8.0_91, user.timezone=America/Chicago, sun.arch.data.model=64, http.nonProxyHosts=local|*.local|169.254/16|*.169.254/16, java.endorsed.dirs=/Library/Java/JavaVirtualMachines/jdk1.8.0_91.jdk/Contents/Home/jre/lib/endorsed, sun.cpu.isalist=, sun.jnu.encoding=UTF-8, env.ITERM_SESSION_ID=w0t5p1:02698D54-6DCE-4E0E-BC2D-43ABCC93C72F, file.encoding.pkg=sun.io, env.SHLVL=1, file.separator=/, java.specification.name=Java Platform API Specification, java.class.version=52.0, org.slf4j.simpleLogger.defaultLogLevel=debug, user.country=US, java.home=/Library/Java/JavaVirtualMachines/jdk1.8.0_91.jdk/Contents/Home/jre, java.vm.info=mixed mode, env.LOGNAME=mr027750, os.version=10.11.4, env.TERM_PROGRAM_VERSION=3.0.7, path.separator=:, java.vm.version=25.91-b14, env.JAVA_HOME=/Library/Java/JavaVirtualMachines/jdk1.8.0_91.jdk/Contents/Home, java.awt.printerjob=sun.lwawt.macosx.CPrinterJob, env.TERM=xterm-256color, sun.io.unicode.encoding=UnicodeBig, awt.toolkit=sun.lwawt.macosx.LWCToolkit, socksNonProxyHosts=local|*.local|169.254/16|*.169.254/16, ftp.nonProxyHosts=local|*.local|169.254/16|*.169.254/16, env.LSCOLORS=Gxfxcxdxbxegedabagacad, user.home=/Users/mr027750, env.OLDPWD=/Users/mr027750/Projects/mvn-shade-test, java.specification.vendor=Oracle Corporation, env.TERM_PROGRAM=iTerm.app, env.PAGER=less, java.library.path=/Users/mr027750/Library/Java/Extensions:/Library/Java/Extensions:/Network/Library/Java/Extensions:/System/Library/Java/Extensions:/usr/lib/java:., java.vendor.url=http://java.oracle.com/, env.MAVEN_CMD_LINE_ARGS=clean install -X, java.vm.vendor=Oracle Corporation, gopherProxySet=false, maven.home=/usr/local/Cellar/maven32/3.2.5/libexec, java.runtime.name=Java(TM) SE Runtime Environment, sun.java.command=org.codehaus.plexus.classworlds.launcher.Launcher clean install -X, java.class.path=/usr/local/Cellar/maven32/3.2.5/libexec/boot/plexus-classworlds-2.5.2.jar, env.TERM_SESSION_ID=w0t5p1:02698D54-6DCE-4E0E-BC2D-43ABCC93C72F, maven.version=3.2.5, java.vm.specification.name=Java Virtual Machine Specification, env.HADOOP_PREFIX=/opt/cdh4_mac_bundle/hadoop-2.0.0-cdh4.1.1, java.vm.specification.version=1.8, sun.cpu.endian=little, sun.os.patch.level=unknown, java.awt.headless=true, env.HOME=/Users/mr027750, java.io.tmpdir=/var/folders/q4/ypy51w6s3vsd_xj3389h42f0wltvrm/T/, env.STG_UTIL_USER=mr027750@44.128.84.45:/home/SPHERESTAGE/mr027750, java.vendor.url.bug=http://bugreport.sun.com/bugreport/, env.MAVEN_OPTS=-Xmx1024M -XX:MaxPermSize=512M, env.SSH_AUTH_SOCK=/private/tmp/com.apple.launchd.EtyCgqr8bj/Listeners, env.COMMAND_MODE=unix2003, os.arch=x86_64, java.awt.graphicsenv=sun.awt.CGraphicsEnvironment, java.ext.dirs=/Users/mr027750/Library/Java/Extensions:/Library/Java/JavaVirtualMachines/jdk1.8.0_91.jdk/Contents/Home/jre/lib/ext:/Library/Java/Extensions:/Network/Library/Java/Extensions:/System/Library/Java/Extensions:/usr/lib/java, env.OAUTH_HOME=/Users/MR027750/Projects, env.DEV_UTIL=mr027750@pophdevvm120, user.dir=/Users/mr027750/Projects/mvn-shade-test, env.STG_UTIL=mr027750@44.128.84.45, env.DEV_UTIL_USER=mr027750@pophdevvm120:/home/WHQ_NT_DOMAIN/mr027750, line.separator=
, java.vm.name=Java HotSpot(TM) 64-Bit Server VM, env.ITERM_PROFILE=Default, file.encoding=UTF-8, java.specification.version=1.8, env.HBASE_HOME=/opt/cdh4_mac_bundle/hbase-0.92.1-cdh4.1.1}
[WARNING] Using platform encoding (UTF-8 actually) to copy filtered resources, i.e. build is platform dependent!
[DEBUG] resource with targetPath null
directory /Users/mr027750/Projects/mvn-shade-test/resources
excludes []
includes []
[DEBUG] ignoreDelta true
[INFO] Copying 0 resource
[DEBUG] no use filter components
[INFO] 
[INFO] --- maven-compiler-plugin:3.1:compile (default-compile) @ mvn-shade-test ---
[DEBUG] Dependency collection stats: {ConflictMarker.analyzeTime=1, ConflictMarker.markTime=0, ConflictMarker.nodeCount=160, ConflictIdSorter.graphTime=0, ConflictIdSorter.topsortTime=0, ConflictIdSorter.conflictIdCount=43, ConflictIdSorter.conflictIdCycleCount=0, ConflictResolver.totalTime=1, ConflictResolver.conflictItemCount=63, DefaultDependencyCollector.collectTime=149, DefaultDependencyCollector.transformTime=2}
[DEBUG] org.apache.maven.plugins:maven-compiler-plugin:jar:3.1:
[DEBUG]    org.apache.maven:maven-plugin-api:jar:2.0.9:compile
[DEBUG]    org.apache.maven:maven-artifact:jar:2.0.9:compile
[DEBUG]       org.codehaus.plexus:plexus-utils:jar:1.5.1:compile
[DEBUG]    org.apache.maven:maven-core:jar:2.0.9:compile
[DEBUG]       org.apache.maven:maven-settings:jar:2.0.9:compile
[DEBUG]       org.apache.maven:maven-plugin-parameter-documenter:jar:2.0.9:compile
[DEBUG]       org.apache.maven:maven-profile:jar:2.0.9:compile
[DEBUG]       org.apache.maven:maven-model:jar:2.0.9:compile
[DEBUG]       org.apache.maven:maven-repository-metadata:jar:2.0.9:compile
[DEBUG]       org.apache.maven:maven-error-diagnostics:jar:2.0.9:compile
[DEBUG]       org.apache.maven:maven-project:jar:2.0.9:compile
[DEBUG]          org.apache.maven:maven-plugin-registry:jar:2.0.9:compile
[DEBUG]       org.apache.maven:maven-plugin-descriptor:jar:2.0.9:compile
[DEBUG]       org.apache.maven:maven-artifact-manager:jar:2.0.9:compile
[DEBUG]       org.apache.maven:maven-monitor:jar:2.0.9:compile
[DEBUG]    org.apache.maven:maven-toolchain:jar:1.0:compile
[DEBUG]    org.apache.maven.shared:maven-shared-utils:jar:0.1:compile
[DEBUG]       com.google.code.findbugs:jsr305:jar:2.0.1:compile
[DEBUG]    org.apache.maven.shared:maven-shared-incremental:jar:1.1:compile
[DEBUG]       org.codehaus.plexus:plexus-component-annotations:jar:1.5.5:compile
[DEBUG]    org.codehaus.plexus:plexus-compiler-api:jar:2.2:compile
[DEBUG]    org.codehaus.plexus:plexus-compiler-manager:jar:2.2:compile
[DEBUG]    org.codehaus.plexus:plexus-compiler-javac:jar:2.2:runtime
[DEBUG]    org.codehaus.plexus:plexus-container-default:jar:1.5.5:compile
[DEBUG]       org.codehaus.plexus:plexus-classworlds:jar:2.2.2:compile
[DEBUG]       org.apache.xbean:xbean-reflect:jar:3.4:compile
[DEBUG]          log4j:log4j:jar:1.2.12:compile
[DEBUG]          commons-logging:commons-logging-api:jar:1.1:compile
[DEBUG]       com.google.collections:google-collections:jar:1.0:compile
[DEBUG]       junit:junit:jar:3.8.2:compile
[DEBUG] Created new class realm plugin>org.apache.maven.plugins:maven-compiler-plugin:3.1
[DEBUG] Importing foreign packages into class realm plugin>org.apache.maven.plugins:maven-compiler-plugin:3.1
[DEBUG]   Imported:  < maven.api
[DEBUG] Populating class realm plugin>org.apache.maven.plugins:maven-compiler-plugin:3.1
[DEBUG]   Included: org.apache.maven.plugins:maven-compiler-plugin:jar:3.1
[DEBUG]   Included: org.codehaus.plexus:plexus-utils:jar:1.5.1
[DEBUG]   Included: org.apache.maven.shared:maven-shared-utils:jar:0.1
[DEBUG]   Included: com.google.code.findbugs:jsr305:jar:2.0.1
[DEBUG]   Included: org.apache.maven.shared:maven-shared-incremental:jar:1.1
[DEBUG]   Included: org.codehaus.plexus:plexus-component-annotations:jar:1.5.5
[DEBUG]   Included: org.codehaus.plexus:plexus-compiler-api:jar:2.2
[DEBUG]   Included: org.codehaus.plexus:plexus-compiler-manager:jar:2.2
[DEBUG]   Included: org.codehaus.plexus:plexus-compiler-javac:jar:2.2
[DEBUG]   Included: org.apache.xbean:xbean-reflect:jar:3.4
[DEBUG]   Included: log4j:log4j:jar:1.2.12
[DEBUG]   Included: commons-logging:commons-logging-api:jar:1.1
[DEBUG]   Included: com.google.collections:google-collections:jar:1.0
[DEBUG]   Included: junit:junit:jar:3.8.2
[DEBUG]   Excluded: org.apache.maven:maven-plugin-api:jar:2.0.9
[DEBUG]   Excluded: org.apache.maven:maven-artifact:jar:2.0.9
[DEBUG]   Excluded: org.apache.maven:maven-core:jar:2.0.9
[DEBUG]   Excluded: org.apache.maven:maven-settings:jar:2.0.9
[DEBUG]   Excluded: org.apache.maven:maven-plugin-parameter-documenter:jar:2.0.9
[DEBUG]   Excluded: org.apache.maven:maven-profile:jar:2.0.9
[DEBUG]   Excluded: org.apache.maven:maven-model:jar:2.0.9
[DEBUG]   Excluded: org.apache.maven:maven-repository-metadata:jar:2.0.9
[DEBUG]   Excluded: org.apache.maven:maven-error-diagnostics:jar:2.0.9
[DEBUG]   Excluded: org.apache.maven:maven-project:jar:2.0.9
[DEBUG]   Excluded: org.apache.maven:maven-plugin-registry:jar:2.0.9
[DEBUG]   Excluded: org.apache.maven:maven-plugin-descriptor:jar:2.0.9
[DEBUG]   Excluded: org.apache.maven:maven-artifact-manager:jar:2.0.9
[DEBUG]   Excluded: org.apache.maven:maven-monitor:jar:2.0.9
[DEBUG]   Excluded: org.apache.maven:maven-toolchain:jar:1.0
[DEBUG]   Excluded: org.codehaus.plexus:plexus-container-default:jar:1.5.5
[DEBUG]   Excluded: org.codehaus.plexus:plexus-classworlds:jar:2.2.2
[DEBUG] Configuring mojo org.apache.maven.plugins:maven-compiler-plugin:3.1:compile from plugin realm ClassRealm[plugin>org.apache.maven.plugins:maven-compiler-plugin:3.1, parent: sun.misc.Launcher$AppClassLoader@45ee12a7]
[DEBUG] Configuring mojo 'org.apache.maven.plugins:maven-compiler-plugin:3.1:compile' with basic configurator -->
[DEBUG]   (f) basedir = /Users/mr027750/Projects/mvn-shade-test
[DEBUG]   (f) buildDirectory = /Users/mr027750/Projects/mvn-shade-test/target
[DEBUG]   (f) classpathElements = [/Users/mr027750/Projects/mvn-shade-test/target/classes, /Users/mr027750/.m2/repository/org/clojure/clojure/1.8.0/clojure-1.8.0.jar]
[DEBUG]   (f) compileSourceRoots = [/Users/mr027750/Projects/mvn-shade-test/src/main/clojure]
[DEBUG]   (f) compilerId = javac
[DEBUG]   (f) debug = true
[DEBUG]   (f) failOnError = true
[DEBUG]   (f) forceJavacCompilerUse = false
[DEBUG]   (f) fork = false
[DEBUG]   (f) generatedSourcesDirectory = /Users/mr027750/Projects/mvn-shade-test/target/generated-sources/annotations
[DEBUG]   (f) mojoExecution = org.apache.maven.plugins:maven-compiler-plugin:3.1:compile {execution: default-compile}
[DEBUG]   (f) optimize = false
[DEBUG]   (f) outputDirectory = /Users/mr027750/Projects/mvn-shade-test/target/classes
[DEBUG]   (f) projectArtifact = mvn-shade-test:mvn-shade-test:jar:0.1.0-SNAPSHOT
[DEBUG]   (f) showDeprecation = false
[DEBUG]   (f) showWarnings = false
[DEBUG]   (f) skipMultiThreadWarning = false
[DEBUG]   (f) source = 1.5
[DEBUG]   (f) staleMillis = 0
[DEBUG]   (f) target = 1.5
[DEBUG]   (f) useIncrementalCompilation = true
[DEBUG]   (f) verbose = false
[DEBUG]   (f) mavenSession = org.apache.maven.execution.MavenSession@6d24ffa1
[DEBUG]   (f) session = org.apache.maven.execution.MavenSession@6d24ffa1
[DEBUG] -- end configuration --
[DEBUG] Using compiler 'javac'.
[DEBUG] Source directories: [/Users/mr027750/Projects/mvn-shade-test/src/main/clojure]
[DEBUG] Classpath: [/Users/mr027750/Projects/mvn-shade-test/target/classes
 /Users/mr027750/.m2/repository/org/clojure/clojure/1.8.0/clojure-1.8.0.jar]
[DEBUG] Output directory: /Users/mr027750/Projects/mvn-shade-test/target/classes
[DEBUG] CompilerReuseStrategy: reuseCreated
[DEBUG] useIncrementalCompilation enabled
[INFO] Nothing to compile - all classes are up to date
[INFO] 
[INFO] --- maven-resources-plugin:2.6:testResources (default-testResources) @ mvn-shade-test ---
[DEBUG] Configuring mojo org.apache.maven.plugins:maven-resources-plugin:2.6:testResources from plugin realm ClassRealm[plugin>org.apache.maven.plugins:maven-resources-plugin:2.6, parent: sun.misc.Launcher$AppClassLoader@45ee12a7]
[DEBUG] Configuring mojo 'org.apache.maven.plugins:maven-resources-plugin:2.6:testResources' with basic configurator -->
[DEBUG]   (f) buildFilters = []
[DEBUG]   (f) escapeWindowsPaths = true
[DEBUG]   (s) includeEmptyDirs = false
[DEBUG]   (s) outputDirectory = /Users/mr027750/Projects/mvn-shade-test/target/test-classes
[DEBUG]   (s) overwrite = false
[DEBUG]   (f) project = MavenProject: mvn-shade-test:mvn-shade-test:0.1.0-SNAPSHOT @ /Users/mr027750/Projects/mvn-shade-test/pom.xml
[DEBUG]   (s) resources = [Resource {targetPath: null, filtering: false, FileSet {directory: /Users/mr027750/Projects/mvn-shade-test/resources, PatternSet [includes: {}, excludes: {}]}}]
[DEBUG]   (f) session = org.apache.maven.execution.MavenSession@6d24ffa1
[DEBUG]   (f) supportMultiLineFiltering = false
[DEBUG]   (f) useBuildFilters = true
[DEBUG]   (s) useDefaultDelimiters = true
[DEBUG] -- end configuration --
[DEBUG] properties used {env.JAVA_TOOL_OPTIONS=-Djava.awt.headless=true, java.vendor=Oracle Corporation, sun.java.launcher=SUN_STANDARD, env.XPC_SERVICE_NAME=0, sun.management.compiler=HotSpot 64-Bit Tiered Compilers, env.SECURITYSESSIONID=186a7, env.COLORFGBG=7;0, os.name=Mac OS X, sun.boot.class.path=/Library/Java/JavaVirtualMachines/jdk1.8.0_91.jdk/Contents/Home/jre/lib/resources.jar:/Library/Java/JavaVirtualMachines/jdk1.8.0_91.jdk/Contents/Home/jre/lib/rt.jar:/Library/Java/JavaVirtualMachines/jdk1.8.0_91.jdk/Contents/Home/jre/lib/sunrsasign.jar:/Library/Java/JavaVirtualMachines/jdk1.8.0_91.jdk/Contents/Home/jre/lib/jsse.jar:/Library/Java/JavaVirtualMachines/jdk1.8.0_91.jdk/Contents/Home/jre/lib/jce.jar:/Library/Java/JavaVirtualMachines/jdk1.8.0_91.jdk/Contents/Home/jre/lib/charsets.jar:/Library/Java/JavaVirtualMachines/jdk1.8.0_91.jdk/Contents/Home/jre/lib/jfr.jar:/Library/Java/JavaVirtualMachines/jdk1.8.0_91.jdk/Contents/Home/jre/classes, env.TMPDIR=/var/folders/q4/ypy51w6s3vsd_xj3389h42f0wltvrm/T/, env.PWD=/Users/mr027750/Projects/mvn-shade-test, env.LANG=en_US.UTF-8, env.LESS=-R, java.vm.specification.vendor=Oracle Corporation, java.runtime.version=1.8.0_91-b14, env.Apple_PubSub_Socket_Render=/private/tmp/com.apple.launchd.jCfkhBJFBb/Render, user.name=mr027750, maven.build.version=Apache Maven 3.2.5 (12a6b3acb947671f09b81f49094c53f426d8cea1; 2014-12-14T11:29:23-06:00), env.LEIN_JAVA_CMD=/Library/Java/JavaVirtualMachines/jdk1.8.0_91.jdk/Contents/Home/bin/java, env.USER=mr027750, env.SHELL=/bin/zsh, env.HADOOP_MAPRED_HOME=/opt/cdh4_mac_bundle/hadoop-2.0.0-mr1-cdh4.1.1, env.__CF_USER_TEXT_ENCODING=0x393D6F14:0x0:0x0, env.PATH=/usr/local/bin:/usr/local/sbin:/Users/mr027750/bin:/usr/local/bin:/usr/local/bin:/usr/bin:/bin:/usr/sbin:/sbin:/System/Library/Java/JavaVirtualMachines/1.6.0.jdk/Contents/Home:/opt/cdh4_mac_bundle/hadoop-2.0.0-cdh4.1.1/bin:/opt/cdh4_mac_bundle/hbase-0.92.1-cdh4.1.1/bin:/Users/MR027750/.rvm/gems/ruby-1.9.3-p362/bin:/Users/MR027750/.rvm/gems/ruby-1.9.3-p362@global/bin:/Users/MR027750/.rvm/rubies/ruby-1.9.3-p362/bin:/Users/MR027750/.rvm/bin:/usr/bin:/bin:/usr/sbin:/sbin:/opt/X11/bin:/opt/cdh4_mac_bundle/hadoop-2.0.0-cdh4.1.1/bin:/opt/cdh4_mac_bundle/hbase-0.92.1-cdh4.1.1/bin, user.language=en, sun.boot.library.path=/Library/Java/JavaVirtualMachines/jdk1.8.0_91.jdk/Contents/Home/jre/lib, classworlds.conf=/usr/local/Cellar/maven32/3.2.5/libexec/bin/m2.conf, env.JAVA_MAIN_CLASS_74098=org.codehaus.plexus.classworlds.launcher.Launcher, env.XPC_FLAGS=0x0, env.LC_CTYPE=en_US.UTF-8, java.version=1.8.0_91, user.timezone=America/Chicago, sun.arch.data.model=64, http.nonProxyHosts=local|*.local|169.254/16|*.169.254/16, java.endorsed.dirs=/Library/Java/JavaVirtualMachines/jdk1.8.0_91.jdk/Contents/Home/jre/lib/endorsed, sun.cpu.isalist=, sun.jnu.encoding=UTF-8, env.ITERM_SESSION_ID=w0t5p1:02698D54-6DCE-4E0E-BC2D-43ABCC93C72F, file.encoding.pkg=sun.io, env.SHLVL=1, file.separator=/, java.specification.name=Java Platform API Specification, java.class.version=52.0, org.slf4j.simpleLogger.defaultLogLevel=debug, user.country=US, java.home=/Library/Java/JavaVirtualMachines/jdk1.8.0_91.jdk/Contents/Home/jre, java.vm.info=mixed mode, env.LOGNAME=mr027750, os.version=10.11.4, env.TERM_PROGRAM_VERSION=3.0.7, path.separator=:, java.vm.version=25.91-b14, env.JAVA_HOME=/Library/Java/JavaVirtualMachines/jdk1.8.0_91.jdk/Contents/Home, java.awt.printerjob=sun.lwawt.macosx.CPrinterJob, env.TERM=xterm-256color, sun.io.unicode.encoding=UnicodeBig, awt.toolkit=sun.lwawt.macosx.LWCToolkit, socksNonProxyHosts=local|*.local|169.254/16|*.169.254/16, ftp.nonProxyHosts=local|*.local|169.254/16|*.169.254/16, env.LSCOLORS=Gxfxcxdxbxegedabagacad, user.home=/Users/mr027750, env.OLDPWD=/Users/mr027750/Projects/mvn-shade-test, java.specification.vendor=Oracle Corporation, env.TERM_PROGRAM=iTerm.app, env.PAGER=less, java.library.path=/Users/mr027750/Library/Java/Extensions:/Library/Java/Extensions:/Network/Library/Java/Extensions:/System/Library/Java/Extensions:/usr/lib/java:., java.vendor.url=http://java.oracle.com/, env.MAVEN_CMD_LINE_ARGS=clean install -X, java.vm.vendor=Oracle Corporation, gopherProxySet=false, maven.home=/usr/local/Cellar/maven32/3.2.5/libexec, java.runtime.name=Java(TM) SE Runtime Environment, sun.java.command=org.codehaus.plexus.classworlds.launcher.Launcher clean install -X, java.class.path=/usr/local/Cellar/maven32/3.2.5/libexec/boot/plexus-classworlds-2.5.2.jar, env.TERM_SESSION_ID=w0t5p1:02698D54-6DCE-4E0E-BC2D-43ABCC93C72F, maven.version=3.2.5, java.vm.specification.name=Java Virtual Machine Specification, env.HADOOP_PREFIX=/opt/cdh4_mac_bundle/hadoop-2.0.0-cdh4.1.1, java.vm.specification.version=1.8, sun.cpu.endian=little, sun.os.patch.level=unknown, java.awt.headless=true, env.HOME=/Users/mr027750, java.io.tmpdir=/var/folders/q4/ypy51w6s3vsd_xj3389h42f0wltvrm/T/, env.STG_UTIL_USER=mr027750@44.128.84.45:/home/SPHERESTAGE/mr027750, java.vendor.url.bug=http://bugreport.sun.com/bugreport/, env.MAVEN_OPTS=-Xmx1024M -XX:MaxPermSize=512M, env.SSH_AUTH_SOCK=/private/tmp/com.apple.launchd.EtyCgqr8bj/Listeners, env.COMMAND_MODE=unix2003, os.arch=x86_64, java.awt.graphicsenv=sun.awt.CGraphicsEnvironment, java.ext.dirs=/Users/mr027750/Library/Java/Extensions:/Library/Java/JavaVirtualMachines/jdk1.8.0_91.jdk/Contents/Home/jre/lib/ext:/Library/Java/Extensions:/Network/Library/Java/Extensions:/System/Library/Java/Extensions:/usr/lib/java, env.OAUTH_HOME=/Users/MR027750/Projects, env.DEV_UTIL=mr027750@pophdevvm120, user.dir=/Users/mr027750/Projects/mvn-shade-test, env.STG_UTIL=mr027750@44.128.84.45, env.DEV_UTIL_USER=mr027750@pophdevvm120:/home/WHQ_NT_DOMAIN/mr027750, line.separator=
, java.vm.name=Java HotSpot(TM) 64-Bit Server VM, env.ITERM_PROFILE=Default, file.encoding=UTF-8, java.specification.version=1.8, env.HBASE_HOME=/opt/cdh4_mac_bundle/hbase-0.92.1-cdh4.1.1}
[WARNING] Using platform encoding (UTF-8 actually) to copy filtered resources, i.e. build is platform dependent!
[DEBUG] resource with targetPath null
directory /Users/mr027750/Projects/mvn-shade-test/resources
excludes []
includes []
[DEBUG] ignoreDelta true
[INFO] Copying 0 resource
[DEBUG] no use filter components
[INFO] 
[INFO] --- maven-compiler-plugin:3.1:testCompile (default-testCompile) @ mvn-shade-test ---
[DEBUG] Configuring mojo org.apache.maven.plugins:maven-compiler-plugin:3.1:testCompile from plugin realm ClassRealm[plugin>org.apache.maven.plugins:maven-compiler-plugin:3.1, parent: sun.misc.Launcher$AppClassLoader@45ee12a7]
[DEBUG] Configuring mojo 'org.apache.maven.plugins:maven-compiler-plugin:3.1:testCompile' with basic configurator -->
[DEBUG]   (f) basedir = /Users/mr027750/Projects/mvn-shade-test
[DEBUG]   (f) buildDirectory = /Users/mr027750/Projects/mvn-shade-test/target
[DEBUG]   (f) classpathElements = [/Users/mr027750/Projects/mvn-shade-test/target/test-classes, /Users/mr027750/Projects/mvn-shade-test/target/classes, /Users/mr027750/.m2/repository/org/clojure/clojure/1.8.0/clojure-1.8.0.jar]
[DEBUG]   (f) compileSourceRoots = [/Users/mr027750/Projects/mvn-shade-test/test]
[DEBUG]   (f) compilerId = javac
[DEBUG]   (f) debug = true
[DEBUG]   (f) failOnError = true
[DEBUG]   (f) forceJavacCompilerUse = false
[DEBUG]   (f) fork = false
[DEBUG]   (f) generatedTestSourcesDirectory = /Users/mr027750/Projects/mvn-shade-test/target/generated-test-sources/test-annotations
[DEBUG]   (f) mojoExecution = org.apache.maven.plugins:maven-compiler-plugin:3.1:testCompile {execution: default-testCompile}
[DEBUG]   (f) optimize = false
[DEBUG]   (f) outputDirectory = /Users/mr027750/Projects/mvn-shade-test/target/test-classes
[DEBUG]   (f) showDeprecation = false
[DEBUG]   (f) showWarnings = false
[DEBUG]   (f) skipMultiThreadWarning = false
[DEBUG]   (f) source = 1.5
[DEBUG]   (f) staleMillis = 0
[DEBUG]   (f) target = 1.5
[DEBUG]   (f) useIncrementalCompilation = true
[DEBUG]   (f) verbose = false
[DEBUG]   (f) mavenSession = org.apache.maven.execution.MavenSession@6d24ffa1
[DEBUG]   (f) session = org.apache.maven.execution.MavenSession@6d24ffa1
[DEBUG] -- end configuration --
[DEBUG] Using compiler 'javac'.
[DEBUG] Source directories: [/Users/mr027750/Projects/mvn-shade-test/test]
[DEBUG] Classpath: [/Users/mr027750/Projects/mvn-shade-test/target/test-classes
 /Users/mr027750/Projects/mvn-shade-test/target/classes
 /Users/mr027750/.m2/repository/org/clojure/clojure/1.8.0/clojure-1.8.0.jar]
[DEBUG] Output directory: /Users/mr027750/Projects/mvn-shade-test/target/test-classes
[DEBUG] CompilerReuseStrategy: reuseCreated
[DEBUG] useIncrementalCompilation enabled
[INFO] Nothing to compile - all classes are up to date
[INFO] 
[INFO] --- maven-surefire-plugin:2.12.4:test (default-test) @ mvn-shade-test ---
[DEBUG] Dependency collection stats: {ConflictMarker.analyzeTime=0, ConflictMarker.markTime=0, ConflictMarker.nodeCount=132, ConflictIdSorter.graphTime=0, ConflictIdSorter.topsortTime=0, ConflictIdSorter.conflictIdCount=27, ConflictIdSorter.conflictIdCycleCount=0, ConflictResolver.totalTime=2, ConflictResolver.conflictItemCount=77, DefaultDependencyCollector.collectTime=24, DefaultDependencyCollector.transformTime=2}
[DEBUG] org.apache.maven.plugins:maven-surefire-plugin:jar:2.12.4:
[DEBUG]    org.apache.maven:maven-plugin-api:jar:2.0.9:compile
[DEBUG]    org.apache.maven.surefire:surefire-booter:jar:2.12.4:compile
[DEBUG]       org.apache.maven.surefire:surefire-api:jar:2.12.4:compile
[DEBUG]    org.apache.maven.surefire:maven-surefire-common:jar:2.12.4:compile
[DEBUG]       org.apache.commons:commons-lang3:jar:3.1:compile
[DEBUG]       org.apache.maven.shared:maven-common-artifact-filters:jar:1.3:compile
[DEBUG]    org.codehaus.plexus:plexus-utils:jar:3.0.8:compile
[DEBUG]    org.apache.maven:maven-artifact:jar:2.0.9:compile
[DEBUG]    org.apache.maven:maven-project:jar:2.0.9:compile
[DEBUG]       org.apache.maven:maven-settings:jar:2.0.9:compile
[DEBUG]       org.apache.maven:maven-profile:jar:2.0.9:compile
[DEBUG]       org.apache.maven:maven-model:jar:2.0.9:compile
[DEBUG]       org.apache.maven:maven-artifact-manager:jar:2.0.9:compile
[DEBUG]       org.apache.maven:maven-plugin-registry:jar:2.0.9:compile
[DEBUG]       org.codehaus.plexus:plexus-container-default:jar:1.0-alpha-9-stable-1:compile
[DEBUG]          junit:junit:jar:3.8.1:test
[DEBUG]    org.apache.maven:maven-core:jar:2.0.9:compile
[DEBUG]       org.apache.maven:maven-plugin-parameter-documenter:jar:2.0.9:compile
[DEBUG]       org.apache.maven.reporting:maven-reporting-api:jar:2.0.9:compile
[DEBUG]       org.apache.maven:maven-repository-metadata:jar:2.0.9:compile
[DEBUG]       org.apache.maven:maven-error-diagnostics:jar:2.0.9:compile
[DEBUG]       org.apache.maven:maven-plugin-descriptor:jar:2.0.9:compile
[DEBUG]       org.apache.maven:maven-monitor:jar:2.0.9:compile
[DEBUG]       classworlds:classworlds:jar:1.1:compile
[DEBUG]    org.apache.maven:maven-toolchain:jar:2.0.9:compile
[DEBUG]    org.apache.maven.plugin-tools:maven-plugin-annotations:jar:3.1:compile
[DEBUG] Created new class realm plugin>org.apache.maven.plugins:maven-surefire-plugin:2.12.4
[DEBUG] Importing foreign packages into class realm plugin>org.apache.maven.plugins:maven-surefire-plugin:2.12.4
[DEBUG]   Imported:  < maven.api
[DEBUG] Populating class realm plugin>org.apache.maven.plugins:maven-surefire-plugin:2.12.4
[DEBUG]   Included: org.apache.maven.plugins:maven-surefire-plugin:jar:2.12.4
[DEBUG]   Included: org.apache.maven.surefire:surefire-booter:jar:2.12.4
[DEBUG]   Included: org.apache.maven.surefire:surefire-api:jar:2.12.4
[DEBUG]   Included: org.apache.maven.surefire:maven-surefire-common:jar:2.12.4
[DEBUG]   Included: org.apache.commons:commons-lang3:jar:3.1
[DEBUG]   Included: org.apache.maven.shared:maven-common-artifact-filters:jar:1.3
[DEBUG]   Included: org.codehaus.plexus:plexus-utils:jar:3.0.8
[DEBUG]   Included: org.apache.maven.reporting:maven-reporting-api:jar:2.0.9
[DEBUG]   Included: org.apache.maven.plugin-tools:maven-plugin-annotations:jar:3.1
[DEBUG]   Excluded: org.apache.maven:maven-plugin-api:jar:2.0.9
[DEBUG]   Excluded: org.apache.maven:maven-artifact:jar:2.0.9
[DEBUG]   Excluded: org.apache.maven:maven-project:jar:2.0.9
[DEBUG]   Excluded: org.apache.maven:maven-settings:jar:2.0.9
[DEBUG]   Excluded: org.apache.maven:maven-profile:jar:2.0.9
[DEBUG]   Excluded: org.apache.maven:maven-model:jar:2.0.9
[DEBUG]   Excluded: org.apache.maven:maven-artifact-manager:jar:2.0.9
[DEBUG]   Excluded: org.apache.maven:maven-plugin-registry:jar:2.0.9
[DEBUG]   Excluded: org.codehaus.plexus:plexus-container-default:jar:1.0-alpha-9-stable-1
[DEBUG]   Excluded: junit:junit:jar:3.8.1
[DEBUG]   Excluded: org.apache.maven:maven-core:jar:2.0.9
[DEBUG]   Excluded: org.apache.maven:maven-plugin-parameter-documenter:jar:2.0.9
[DEBUG]   Excluded: org.apache.maven:maven-repository-metadata:jar:2.0.9
[DEBUG]   Excluded: org.apache.maven:maven-error-diagnostics:jar:2.0.9
[DEBUG]   Excluded: org.apache.maven:maven-plugin-descriptor:jar:2.0.9
[DEBUG]   Excluded: org.apache.maven:maven-monitor:jar:2.0.9
[DEBUG]   Excluded: classworlds:classworlds:jar:1.1
[DEBUG]   Excluded: org.apache.maven:maven-toolchain:jar:2.0.9
[DEBUG] Configuring mojo org.apache.maven.plugins:maven-surefire-plugin:2.12.4:test from plugin realm ClassRealm[plugin>org.apache.maven.plugins:maven-surefire-plugin:2.12.4, parent: sun.misc.Launcher$AppClassLoader@45ee12a7]
[DEBUG] Configuring mojo 'org.apache.maven.plugins:maven-surefire-plugin:2.12.4:test' with basic configurator -->
[DEBUG]   (s) basedir = /Users/mr027750/Projects/mvn-shade-test
[DEBUG]   (s) childDelegation = false
[DEBUG]   (s) classesDirectory = /Users/mr027750/Projects/mvn-shade-test/target/classes
[DEBUG]   (s) disableXmlReport = false
[DEBUG]   (s) enableAssertions = true
[DEBUG]   (s) forkMode = once
[DEBUG]   (s) junitArtifactName = junit:junit
[DEBUG]   (s) localRepository =       id: local
      url: file:///Users/mr027750/.m2/repository/
   layout: default
snapshots: [enabled => true, update => always]
 releases: [enabled => true, update => always]

[DEBUG]   (f) parallelMavenExecution = false
[DEBUG]   (s) perCoreThreadCount = true
[DEBUG]   (s) pluginArtifactMap = {org.apache.maven.plugins:maven-surefire-plugin=org.apache.maven.plugins:maven-surefire-plugin:maven-plugin:2.12.4:, org.apache.maven.surefire:surefire-booter=org.apache.maven.surefire:surefire-booter:jar:2.12.4:compile, org.apache.maven.surefire:surefire-api=org.apache.maven.surefire:surefire-api:jar:2.12.4:compile, org.apache.maven.surefire:maven-surefire-common=org.apache.maven.surefire:maven-surefire-common:jar:2.12.4:compile, org.apache.commons:commons-lang3=org.apache.commons:commons-lang3:jar:3.1:compile, org.apache.maven.shared:maven-common-artifact-filters=org.apache.maven.shared:maven-common-artifact-filters:jar:1.3:compile, org.codehaus.plexus:plexus-utils=org.codehaus.plexus:plexus-utils:jar:3.0.8:compile, org.apache.maven.reporting:maven-reporting-api=org.apache.maven.reporting:maven-reporting-api:jar:2.0.9:compile, org.apache.maven.plugin-tools:maven-plugin-annotations=org.apache.maven.plugin-tools:maven-plugin-annotations:jar:3.1:compile}
[DEBUG]   (f) pluginDescriptor = Component Descriptor: role: 'org.apache.maven.plugin.Mojo', implementation: 'org.apache.maven.plugin.surefire.HelpMojo', role hint: 'org.apache.maven.plugins:maven-surefire-plugin:2.12.4:help'
role: 'org.apache.maven.plugin.Mojo', implementation: 'org.apache.maven.plugin.surefire.SurefirePlugin', role hint: 'org.apache.maven.plugins:maven-surefire-plugin:2.12.4:test'
---
[DEBUG]   (s) printSummary = true
[DEBUG]   (s) projectArtifactMap = {org.clojure:clojure=org.clojure:clojure:jar:1.8.0:compile}
[DEBUG]   (s) redirectTestOutputToFile = false
[DEBUG]   (s) remoteRepositories = [      id: central
      url: https://repo.maven.apache.org/maven2
   layout: default
snapshots: [enabled => false, update => daily]
 releases: [enabled => true, update => never]
]
[DEBUG]   (s) reportFormat = brief
[DEBUG]   (s) reportsDirectory = /Users/mr027750/Projects/mvn-shade-test/target/surefire-reports
[DEBUG]   (s) runOrder = filesystem
[DEBUG]   (s) skip = false
[DEBUG]   (s) skipTests = false
[DEBUG]   (s) testClassesDirectory = /Users/mr027750/Projects/mvn-shade-test/target/test-classes
[DEBUG]   (s) testFailureIgnore = false
[DEBUG]   (s) testNGArtifactName = org.testng:testng
[DEBUG]   (s) testSourceDirectory = /Users/mr027750/Projects/mvn-shade-test/test
[DEBUG]   (s) trimStackTrace = true
[DEBUG]   (s) useFile = true
[DEBUG]   (s) useManifestOnlyJar = true
[DEBUG]   (s) useSystemClassLoader = true
[DEBUG]   (s) useUnlimitedThreads = false
[DEBUG]   (s) workingDirectory = /Users/mr027750/Projects/mvn-shade-test
[DEBUG]   (s) project = MavenProject: mvn-shade-test:mvn-shade-test:0.1.0-SNAPSHOT @ /Users/mr027750/Projects/mvn-shade-test/pom.xml
[DEBUG]   (s) session = org.apache.maven.execution.MavenSession@6d24ffa1
[DEBUG] -- end configuration --
[INFO] 
[INFO] --- maven-jar-plugin:2.4:jar (default-jar) @ mvn-shade-test ---
[DEBUG] Dependency collection stats: {ConflictMarker.analyzeTime=0, ConflictMarker.markTime=0, ConflictMarker.nodeCount=74, ConflictIdSorter.graphTime=0, ConflictIdSorter.topsortTime=0, ConflictIdSorter.conflictIdCount=28, ConflictIdSorter.conflictIdCycleCount=0, ConflictResolver.totalTime=1, ConflictResolver.conflictItemCount=70, DefaultDependencyCollector.collectTime=11, DefaultDependencyCollector.transformTime=1}
[DEBUG] org.apache.maven.plugins:maven-jar-plugin:jar:2.4:
[DEBUG]    org.apache.maven:maven-plugin-api:jar:2.0.6:compile
[DEBUG]    org.apache.maven:maven-project:jar:2.0.6:compile
[DEBUG]       org.apache.maven:maven-settings:jar:2.0.6:compile
[DEBUG]       org.apache.maven:maven-profile:jar:2.0.6:compile
[DEBUG]       org.apache.maven:maven-artifact-manager:jar:2.0.6:compile
[DEBUG]          org.apache.maven:maven-repository-metadata:jar:2.0.6:compile
[DEBUG]       org.apache.maven:maven-plugin-registry:jar:2.0.6:compile
[DEBUG]       org.codehaus.plexus:plexus-container-default:jar:1.0-alpha-9-stable-1:compile
[DEBUG]          junit:junit:jar:3.8.1:compile
[DEBUG]          classworlds:classworlds:jar:1.1-alpha-2:compile
[DEBUG]    org.apache.maven:maven-model:jar:2.0.6:runtime
[DEBUG]    org.apache.maven:maven-artifact:jar:2.0.6:compile
[DEBUG]    org.apache.maven:maven-archiver:jar:2.5:compile
[DEBUG]       org.apache.maven:maven-core:jar:2.0.6:compile
[DEBUG]          org.apache.maven:maven-plugin-parameter-documenter:jar:2.0.6:compile
[DEBUG]          org.apache.maven.reporting:maven-reporting-api:jar:2.0.6:compile
[DEBUG]             org.apache.maven.doxia:doxia-sink-api:jar:1.0-alpha-7:compile
[DEBUG]          org.apache.maven:maven-error-diagnostics:jar:2.0.6:compile
[DEBUG]          commons-cli:commons-cli:jar:1.0:compile
[DEBUG]          org.apache.maven:maven-plugin-descriptor:jar:2.0.6:compile
[DEBUG]          org.codehaus.plexus:plexus-interactivity-api:jar:1.0-alpha-4:compile
[DEBUG]          org.apache.maven:maven-monitor:jar:2.0.6:compile
[DEBUG]       org.codehaus.plexus:plexus-interpolation:jar:1.15:compile
[DEBUG]    org.codehaus.plexus:plexus-archiver:jar:2.1:compile
[DEBUG]       org.codehaus.plexus:plexus-io:jar:2.0.2:compile
[DEBUG]    commons-lang:commons-lang:jar:2.1:compile
[DEBUG]    org.codehaus.plexus:plexus-utils:jar:3.0:compile
[DEBUG] Created new class realm plugin>org.apache.maven.plugins:maven-jar-plugin:2.4
[DEBUG] Importing foreign packages into class realm plugin>org.apache.maven.plugins:maven-jar-plugin:2.4
[DEBUG]   Imported:  < maven.api
[DEBUG] Populating class realm plugin>org.apache.maven.plugins:maven-jar-plugin:2.4
[DEBUG]   Included: org.apache.maven.plugins:maven-jar-plugin:jar:2.4
[DEBUG]   Included: junit:junit:jar:3.8.1
[DEBUG]   Included: org.apache.maven:maven-archiver:jar:2.5
[DEBUG]   Included: org.apache.maven.reporting:maven-reporting-api:jar:2.0.6
[DEBUG]   Included: org.apache.maven.doxia:doxia-sink-api:jar:1.0-alpha-7
[DEBUG]   Included: commons-cli:commons-cli:jar:1.0
[DEBUG]   Included: org.codehaus.plexus:plexus-interactivity-api:jar:1.0-alpha-4
[DEBUG]   Included: org.codehaus.plexus:plexus-interpolation:jar:1.15
[DEBUG]   Included: org.codehaus.plexus:plexus-archiver:jar:2.1
[DEBUG]   Included: org.codehaus.plexus:plexus-io:jar:2.0.2
[DEBUG]   Included: commons-lang:commons-lang:jar:2.1
[DEBUG]   Included: org.codehaus.plexus:plexus-utils:jar:3.0
[DEBUG]   Excluded: org.apache.maven:maven-plugin-api:jar:2.0.6
[DEBUG]   Excluded: org.apache.maven:maven-project:jar:2.0.6
[DEBUG]   Excluded: org.apache.maven:maven-settings:jar:2.0.6
[DEBUG]   Excluded: org.apache.maven:maven-profile:jar:2.0.6
[DEBUG]   Excluded: org.apache.maven:maven-artifact-manager:jar:2.0.6
[DEBUG]   Excluded: org.apache.maven:maven-repository-metadata:jar:2.0.6
[DEBUG]   Excluded: org.apache.maven:maven-plugin-registry:jar:2.0.6
[DEBUG]   Excluded: org.codehaus.plexus:plexus-container-default:jar:1.0-alpha-9-stable-1
[DEBUG]   Excluded: classworlds:classworlds:jar:1.1-alpha-2
[DEBUG]   Excluded: org.apache.maven:maven-model:jar:2.0.6
[DEBUG]   Excluded: org.apache.maven:maven-artifact:jar:2.0.6
[DEBUG]   Excluded: org.apache.maven:maven-core:jar:2.0.6
[DEBUG]   Excluded: org.apache.maven:maven-plugin-parameter-documenter:jar:2.0.6
[DEBUG]   Excluded: org.apache.maven:maven-error-diagnostics:jar:2.0.6
[DEBUG]   Excluded: org.apache.maven:maven-plugin-descriptor:jar:2.0.6
[DEBUG]   Excluded: org.apache.maven:maven-monitor:jar:2.0.6
[DEBUG] Configuring mojo org.apache.maven.plugins:maven-jar-plugin:2.4:jar from plugin realm ClassRealm[plugin>org.apache.maven.plugins:maven-jar-plugin:2.4, parent: sun.misc.Launcher$AppClassLoader@45ee12a7]
[DEBUG] Configuring mojo 'org.apache.maven.plugins:maven-jar-plugin:2.4:jar' with basic configurator -->
[DEBUG]   (f) classesDirectory = /Users/mr027750/Projects/mvn-shade-test/target/classes
[DEBUG]   (f) defaultManifestFile = /Users/mr027750/Projects/mvn-shade-test/target/classes/META-INF/MANIFEST.MF
[DEBUG]   (f) finalName = mvn-shade-test-0.1.0-SNAPSHOT
[DEBUG]   (f) forceCreation = false
[DEBUG]   (f) outputDirectory = /Users/mr027750/Projects/mvn-shade-test/target
[DEBUG]   (f) project = MavenProject: mvn-shade-test:mvn-shade-test:0.1.0-SNAPSHOT @ /Users/mr027750/Projects/mvn-shade-test/pom.xml
[DEBUG]   (f) session = org.apache.maven.execution.MavenSession@6d24ffa1
[DEBUG]   (f) skipIfEmpty = false
[DEBUG]   (f) useDefaultManifestFile = false
[DEBUG] -- end configuration --
[DEBUG] isUp2date: false (Destination /Users/mr027750/Projects/mvn-shade-test/target/mvn-shade-test-0.1.0-SNAPSHOT.jar not found.)
[INFO] Building jar: /Users/mr027750/Projects/mvn-shade-test/target/mvn-shade-test-0.1.0-SNAPSHOT.jar
[DEBUG] adding directory META-INF/
[DEBUG] adding entry META-INF/MANIFEST.MF
[DEBUG] adding directory META-INF/maven/
[DEBUG] adding directory META-INF/maven/mvn-shade-test/
[DEBUG] adding directory META-INF/maven/mvn-shade-test/mvn-shade-test/
[DEBUG] adding entry META-INF/maven/mvn-shade-test/mvn-shade-test/pom.xml
[DEBUG] adding entry META-INF/maven/mvn-shade-test/mvn-shade-test/pom.properties
[INFO] 
[INFO] --- maven-shade-plugin:2.4.3:shade (shade-jar) @ mvn-shade-test ---
[DEBUG] Dependency collection stats: {ConflictMarker.analyzeTime=1, ConflictMarker.markTime=0, ConflictMarker.nodeCount=91, ConflictIdSorter.graphTime=0, ConflictIdSorter.topsortTime=0, ConflictIdSorter.conflictIdCount=37, ConflictIdSorter.conflictIdCycleCount=0, ConflictResolver.totalTime=1, ConflictResolver.conflictItemCount=88, DefaultDependencyCollector.collectTime=69, DefaultDependencyCollector.transformTime=2}
[DEBUG] org.apache.maven.plugins:maven-shade-plugin:jar:2.4.3:
[DEBUG]    org.apache.maven:maven-plugin-api:jar:3.0:compile
[DEBUG]       org.sonatype.sisu:sisu-inject-plexus:jar:1.4.2:compile
[DEBUG]          org.sonatype.sisu:sisu-inject-bean:jar:1.4.2:compile
[DEBUG]             org.sonatype.sisu:sisu-guice:jar:noaop:2.1.7:compile
[DEBUG]    org.apache.maven:maven-model:jar:3.0:compile
[DEBUG]    org.apache.maven:maven-core:jar:3.0:compile
[DEBUG]       org.apache.maven:maven-settings:jar:3.0:compile
[DEBUG]       org.apache.maven:maven-settings-builder:jar:3.0:compile
[DEBUG]       org.apache.maven:maven-repository-metadata:jar:3.0:compile
[DEBUG]       org.apache.maven:maven-model-builder:jar:3.0:compile
[DEBUG]       org.apache.maven:maven-aether-provider:jar:3.0:runtime
[DEBUG]       org.sonatype.aether:aether-impl:jar:1.7:compile
[DEBUG]          org.sonatype.aether:aether-spi:jar:1.7:compile
[DEBUG]       org.sonatype.aether:aether-api:jar:1.7:compile
[DEBUG]       org.sonatype.aether:aether-util:jar:1.7:compile
[DEBUG]       org.codehaus.plexus:plexus-interpolation:jar:1.14:compile
[DEBUG]       org.codehaus.plexus:plexus-classworlds:jar:2.2.3:compile
[DEBUG]       org.codehaus.plexus:plexus-component-annotations:jar:1.5.5:compile
[DEBUG]       org.sonatype.plexus:plexus-sec-dispatcher:jar:1.3:compile
[DEBUG]          org.sonatype.plexus:plexus-cipher:jar:1.4:compile
[DEBUG]    org.apache.maven:maven-compat:jar:3.0:compile
[DEBUG]       org.apache.maven.wagon:wagon-provider-api:jar:1.0-beta-6:compile
[DEBUG]    org.apache.maven:maven-artifact:jar:3.0:compile
[DEBUG]    org.codehaus.plexus:plexus-utils:jar:3.0.22:compile
[DEBUG]    org.ow2.asm:asm:jar:5.0.2:compile
[DEBUG]    org.ow2.asm:asm-commons:jar:5.0.2:compile
[DEBUG]       org.ow2.asm:asm-tree:jar:5.0.2:compile
[DEBUG]    org.jdom:jdom:jar:1.1:compile
[DEBUG]    org.apache.maven.shared:maven-dependency-tree:jar:2.2:compile
[DEBUG]       org.eclipse.aether:aether-util:jar:0.9.0.M2:compile
[DEBUG]    commons-io:commons-io:jar:2.2:compile
[DEBUG]    org.vafer:jdependency:jar:1.1:compile
[DEBUG]       org.ow2.asm:asm-analysis:jar:5.0.4:compile
[DEBUG]       org.ow2.asm:asm-util:jar:5.0.4:compile
[DEBUG]    com.google.guava:guava:jar:11.0.2:compile
[DEBUG]       com.google.code.findbugs:jsr305:jar:1.3.9:compile
[DEBUG] Created new class realm plugin>org.apache.maven.plugins:maven-shade-plugin:2.4.3
[DEBUG] Importing foreign packages into class realm plugin>org.apache.maven.plugins:maven-shade-plugin:2.4.3
[DEBUG]   Imported:  < maven.api
[DEBUG] Populating class realm plugin>org.apache.maven.plugins:maven-shade-plugin:2.4.3
[DEBUG]   Included: org.apache.maven.plugins:maven-shade-plugin:jar:2.4.3
[DEBUG]   Included: org.sonatype.sisu:sisu-inject-bean:jar:1.4.2
[DEBUG]   Included: org.sonatype.sisu:sisu-guice:jar:noaop:2.1.7
[DEBUG]   Included: org.sonatype.aether:aether-util:jar:1.7
[DEBUG]   Included: org.codehaus.plexus:plexus-interpolation:jar:1.14
[DEBUG]   Included: org.codehaus.plexus:plexus-component-annotations:jar:1.5.5
[DEBUG]   Included: org.sonatype.plexus:plexus-sec-dispatcher:jar:1.3
[DEBUG]   Included: org.sonatype.plexus:plexus-cipher:jar:1.4
[DEBUG]   Included: org.codehaus.plexus:plexus-utils:jar:3.0.22
[DEBUG]   Included: org.ow2.asm:asm:jar:5.0.2
[DEBUG]   Included: org.ow2.asm:asm-commons:jar:5.0.2
[DEBUG]   Included: org.ow2.asm:asm-tree:jar:5.0.2
[DEBUG]   Included: org.jdom:jdom:jar:1.1
[DEBUG]   Included: org.apache.maven.shared:maven-dependency-tree:jar:2.2
[DEBUG]   Included: org.eclipse.aether:aether-util:jar:0.9.0.M2
[DEBUG]   Included: commons-io:commons-io:jar:2.2
[DEBUG]   Included: org.vafer:jdependency:jar:1.1
[DEBUG]   Included: org.ow2.asm:asm-analysis:jar:5.0.4
[DEBUG]   Included: org.ow2.asm:asm-util:jar:5.0.4
[DEBUG]   Included: com.google.guava:guava:jar:11.0.2
[DEBUG]   Included: com.google.code.findbugs:jsr305:jar:1.3.9
[DEBUG]   Excluded: org.apache.maven:maven-plugin-api:jar:3.0
[DEBUG]   Excluded: org.sonatype.sisu:sisu-inject-plexus:jar:1.4.2
[DEBUG]   Excluded: org.apache.maven:maven-model:jar:3.0
[DEBUG]   Excluded: org.apache.maven:maven-core:jar:3.0
[DEBUG]   Excluded: org.apache.maven:maven-settings:jar:3.0
[DEBUG]   Excluded: org.apache.maven:maven-settings-builder:jar:3.0
[DEBUG]   Excluded: org.apache.maven:maven-repository-metadata:jar:3.0
[DEBUG]   Excluded: org.apache.maven:maven-model-builder:jar:3.0
[DEBUG]   Excluded: org.apache.maven:maven-aether-provider:jar:3.0
[DEBUG]   Excluded: org.sonatype.aether:aether-impl:jar:1.7
[DEBUG]   Excluded: org.sonatype.aether:aether-spi:jar:1.7
[DEBUG]   Excluded: org.sonatype.aether:aether-api:jar:1.7
[DEBUG]   Excluded: org.codehaus.plexus:plexus-classworlds:jar:2.2.3
[DEBUG]   Excluded: org.apache.maven:maven-compat:jar:3.0
[DEBUG]   Excluded: org.apache.maven.wagon:wagon-provider-api:jar:1.0-beta-6
[DEBUG]   Excluded: org.apache.maven:maven-artifact:jar:3.0
[DEBUG] Configuring mojo org.apache.maven.plugins:maven-shade-plugin:2.4.3:shade from plugin realm ClassRealm[plugin>org.apache.maven.plugins:maven-shade-plugin:2.4.3, parent: sun.misc.Launcher$AppClassLoader@45ee12a7]
[DEBUG] Configuring mojo 'org.apache.maven.plugins:maven-shade-plugin:2.4.3:shade' with basic configurator -->
[DEBUG]   (f) createDependencyReducedPom = false
[DEBUG]   (f) dependencyReducedPomLocation = /Users/mr027750/Projects/mvn-shade-test/dependency-reduced-pom.xml
[DEBUG]   (f) generateUniqueDependencyReducedPom = false
[DEBUG]   (f) localRepository =       id: local
      url: file:///Users/mr027750/.m2/repository/
   layout: default
snapshots: [enabled => true, update => always]
 releases: [enabled => true, update => always]

[DEBUG]   (f) outputDirectory = /Users/mr027750/Projects/mvn-shade-test/target
[DEBUG]   (f) project = MavenProject: mvn-shade-test:mvn-shade-test:0.1.0-SNAPSHOT @ /Users/mr027750/Projects/mvn-shade-test/pom.xml
[DEBUG]   (f) remoteArtifactRepositories = [      id: central
      url: https://repo1.maven.org/maven2/
   layout: default
snapshots: [enabled => false, update => daily]
 releases: [enabled => true, update => daily]
,       id: clojars
      url: https://clojars.org/repo/
   layout: default
snapshots: [enabled => true, update => daily]
 releases: [enabled => true, update => daily]
]
[DEBUG]   (f) session = org.apache.maven.execution.MavenSession@6d24ffa1
[DEBUG]   (f) shadeSourcesContent = false
[DEBUG]   (f) shadeTestJar = false
[DEBUG]   (f) shadedArtifactId = mvn-shade-test
[DEBUG]   (f) shadedClassifierName = shaded
[DEBUG]   (f) mainClass = shade.main
[DEBUG]   (f) transformers = [org.apache.maven.plugins.shade.resource.ManifestResourceTransformer@6f099cef]
[DEBUG]   (f) useBaseVersion = false
[DEBUG] -- end configuration --
[INFO] Including org.clojure:clojure:jar:1.8.0 in the shaded jar.
[DEBUG] Processing JAR /Users/mr027750/Projects/mvn-shade-test/target/mvn-shade-test-0.1.0-SNAPSHOT.jar
[DEBUG] Processing JAR /Users/mr027750/.m2/repository/org/clojure/clojure/1.8.0/clojure-1.8.0.jar
[INFO] Replacing original artifact with shaded artifact.
[INFO] Replacing /Users/mr027750/Projects/mvn-shade-test/target/mvn-shade-test-0.1.0-SNAPSHOT.jar with /Users/mr027750/Projects/mvn-shade-test/target/mvn-shade-test-0.1.0-SNAPSHOT-shaded.jar
[INFO] 
[INFO] --- maven-install-plugin:2.4:install (default-install) @ mvn-shade-test ---
[DEBUG] Dependency collection stats: {ConflictMarker.analyzeTime=0, ConflictMarker.markTime=0, ConflictMarker.nodeCount=38, ConflictIdSorter.graphTime=0, ConflictIdSorter.topsortTime=0, ConflictIdSorter.conflictIdCount=15, ConflictIdSorter.conflictIdCycleCount=0, ConflictResolver.totalTime=1, ConflictResolver.conflictItemCount=35, DefaultDependencyCollector.collectTime=8, DefaultDependencyCollector.transformTime=1}
[DEBUG] org.apache.maven.plugins:maven-install-plugin:jar:2.4:
[DEBUG]    org.apache.maven:maven-plugin-api:jar:2.0.6:compile
[DEBUG]    org.apache.maven:maven-project:jar:2.0.6:compile
[DEBUG]       org.apache.maven:maven-settings:jar:2.0.6:compile
[DEBUG]       org.apache.maven:maven-profile:jar:2.0.6:compile
[DEBUG]       org.apache.maven:maven-plugin-registry:jar:2.0.6:compile
[DEBUG]       org.codehaus.plexus:plexus-container-default:jar:1.0-alpha-9-stable-1:compile
[DEBUG]          junit:junit:jar:3.8.1:compile
[DEBUG]          classworlds:classworlds:jar:1.1-alpha-2:compile
[DEBUG]    org.apache.maven:maven-model:jar:2.0.6:compile
[DEBUG]    org.apache.maven:maven-artifact-manager:jar:2.0.6:compile
[DEBUG]       org.apache.maven:maven-repository-metadata:jar:2.0.6:compile
[DEBUG]    org.apache.maven:maven-artifact:jar:2.0.6:compile
[DEBUG]    org.codehaus.plexus:plexus-utils:jar:3.0.5:compile
[DEBUG]    org.codehaus.plexus:plexus-digest:jar:1.0:compile
[DEBUG] Created new class realm plugin>org.apache.maven.plugins:maven-install-plugin:2.4
[DEBUG] Importing foreign packages into class realm plugin>org.apache.maven.plugins:maven-install-plugin:2.4
[DEBUG]   Imported:  < maven.api
[DEBUG] Populating class realm plugin>org.apache.maven.plugins:maven-install-plugin:2.4
[DEBUG]   Included: org.apache.maven.plugins:maven-install-plugin:jar:2.4
[DEBUG]   Included: junit:junit:jar:3.8.1
[DEBUG]   Included: org.codehaus.plexus:plexus-utils:jar:3.0.5
[DEBUG]   Included: org.codehaus.plexus:plexus-digest:jar:1.0
[DEBUG]   Excluded: org.apache.maven:maven-plugin-api:jar:2.0.6
[DEBUG]   Excluded: org.apache.maven:maven-project:jar:2.0.6
[DEBUG]   Excluded: org.apache.maven:maven-settings:jar:2.0.6
[DEBUG]   Excluded: org.apache.maven:maven-profile:jar:2.0.6
[DEBUG]   Excluded: org.apache.maven:maven-plugin-registry:jar:2.0.6
[DEBUG]   Excluded: org.codehaus.plexus:plexus-container-default:jar:1.0-alpha-9-stable-1
[DEBUG]   Excluded: classworlds:classworlds:jar:1.1-alpha-2
[DEBUG]   Excluded: org.apache.maven:maven-model:jar:2.0.6
[DEBUG]   Excluded: org.apache.maven:maven-artifact-manager:jar:2.0.6
[DEBUG]   Excluded: org.apache.maven:maven-repository-metadata:jar:2.0.6
[DEBUG]   Excluded: org.apache.maven:maven-artifact:jar:2.0.6
[DEBUG] Configuring mojo org.apache.maven.plugins:maven-install-plugin:2.4:install from plugin realm ClassRealm[plugin>org.apache.maven.plugins:maven-install-plugin:2.4, parent: sun.misc.Launcher$AppClassLoader@45ee12a7]
[DEBUG] Configuring mojo 'org.apache.maven.plugins:maven-install-plugin:2.4:install' with basic configurator -->
[DEBUG]   (f) artifact = mvn-shade-test:mvn-shade-test:jar:0.1.0-SNAPSHOT
[DEBUG]   (f) attachedArtifacts = []
[DEBUG]   (f) createChecksum = false
[DEBUG]   (f) localRepository =       id: local
      url: file:///Users/mr027750/.m2/repository/
   layout: default
snapshots: [enabled => true, update => always]
 releases: [enabled => true, update => always]

[DEBUG]   (f) packaging = jar
[DEBUG]   (f) pomFile = /Users/mr027750/Projects/mvn-shade-test/pom.xml
[DEBUG]   (s) skip = false
[DEBUG]   (f) updateReleaseInfo = false
[DEBUG] -- end configuration --
[INFO] Installing /Users/mr027750/Projects/mvn-shade-test/target/mvn-shade-test-0.1.0-SNAPSHOT.jar to /Users/mr027750/.m2/repository/mvn-shade-test/mvn-shade-test/0.1.0-SNAPSHOT/mvn-shade-test-0.1.0-SNAPSHOT.jar
[DEBUG] Writing tracking file /Users/mr027750/.m2/repository/mvn-shade-test/mvn-shade-test/0.1.0-SNAPSHOT/_remote.repositories
[INFO] Installing /Users/mr027750/Projects/mvn-shade-test/pom.xml to /Users/mr027750/.m2/repository/mvn-shade-test/mvn-shade-test/0.1.0-SNAPSHOT/mvn-shade-test-0.1.0-SNAPSHOT.pom
[DEBUG] Writing tracking file /Users/mr027750/.m2/repository/mvn-shade-test/mvn-shade-test/0.1.0-SNAPSHOT/_remote.repositories
[DEBUG] Installing mvn-shade-test:mvn-shade-test:0.1.0-SNAPSHOT/maven-metadata.xml to /Users/mr027750/.m2/repository/mvn-shade-test/mvn-shade-test/0.1.0-SNAPSHOT/maven-metadata-local.xml
[DEBUG] Installing mvn-shade-test:mvn-shade-test/maven-metadata.xml to /Users/mr027750/.m2/repository/mvn-shade-test/mvn-shade-test/maven-metadata-local.xml
[INFO] ------------------------------------------------------------------------
[INFO] BUILD SUCCESS
[INFO] ------------------------------------------------------------------------
[INFO] Total time: 1.366 s
[INFO] Finished at: 2016-11-17T10:15:29-06:00
[INFO] Final Memory: 14M/437M
[INFO] ------------------------------------------------------------------------
